<?xml version="1.0" ?>
<coverage version="7.12.0" timestamp="1764535171324" lines-valid="4511" lines-covered="390" line-rate="0.08646" branches-valid="1042" branches-covered="53" branch-rate="0.05086" complexity="0">
	<!-- Generated by coverage.py: https://coverage.readthedocs.io/en/7.12.0 -->
	<!-- Based on https://raw.githubusercontent.com/cobertura/web/master/htdocs/xml/coverage-04.dtd -->
	<sources>
		<source>C:\Users\kjfle\.projects\intelligent-investor\src</source>
	</sources>
	<packages>
		<package name="." line-rate="0.01111" branch-rate="0" complexity="0">
			<classes>
				<class name="__init__.py" filename="__init__.py" complexity="0" line-rate="1" branch-rate="1">
					<methods/>
					<lines>
						<line number="5" hits="1"/>
						<line number="6" hits="1"/>
					</lines>
				</class>
				<class name="cli.py" filename="cli.py" complexity="0" line-rate="0" branch-rate="0">
					<methods/>
					<lines>
						<line number="8" hits="0"/>
						<line number="9" hits="0"/>
						<line number="10" hits="0"/>
						<line number="12" hits="0"/>
						<line number="14" hits="0"/>
						<line number="15" hits="0"/>
						<line number="16" hits="0"/>
						<line number="23" hits="0"/>
						<line number="34" hits="0"/>
						<line number="37" hits="0" branch="true" condition-coverage="0% (0/2)" missing-branches="38,40"/>
						<line number="38" hits="0"/>
						<line number="40" hits="0"/>
						<line number="43" hits="0" branch="true" condition-coverage="0% (0/2)" missing-branches="44,46"/>
						<line number="44" hits="0"/>
						<line number="45" hits="0"/>
						<line number="46" hits="0" branch="true" condition-coverage="0% (0/2)" missing-branches="47,50"/>
						<line number="47" hits="0"/>
						<line number="48" hits="0"/>
						<line number="50" hits="0"/>
						<line number="53" hits="0"/>
						<line number="54" hits="0"/>
						<line number="55" hits="0" branch="true" condition-coverage="0% (0/2)" missing-branches="56,58"/>
						<line number="56" hits="0"/>
						<line number="58" hits="0"/>
						<line number="61" hits="0"/>
						<line number="72" hits="0"/>
						<line number="78" hits="0" branch="true" condition-coverage="0% (0/2)" missing-branches="79,83"/>
						<line number="79" hits="0"/>
						<line number="83" hits="0"/>
						<line number="84" hits="0"/>
						<line number="87" hits="0"/>
						<line number="89" hits="0"/>
						<line number="90" hits="0"/>
						<line number="91" hits="0"/>
						<line number="94" hits="0"/>
						<line number="95" hits="0"/>
						<line number="96" hits="0"/>
						<line number="97" hits="0"/>
						<line number="98" hits="0"/>
						<line number="99" hits="0"/>
						<line number="100" hits="0"/>
						<line number="101" hits="0"/>
						<line number="102" hits="0"/>
						<line number="105" hits="0"/>
						<line number="106" hits="0"/>
						<line number="108" hits="0"/>
						<line number="109" hits="0" branch="true" condition-coverage="0% (0/2)" missing-branches="110,121"/>
						<line number="110" hits="0" branch="true" condition-coverage="0% (0/2)" missing-branches="111,121"/>
						<line number="111" hits="0"/>
						<line number="113" hits="0"/>
						<line number="114" hits="0"/>
						<line number="115" hits="0" branch="true" condition-coverage="0% (0/2)" missing-branches="116,119"/>
						<line number="116" hits="0"/>
						<line number="117" hits="0"/>
						<line number="118" hits="0"/>
						<line number="119" hits="0"/>
						<line number="121" hits="0"/>
						<line number="122" hits="0"/>
						<line number="123" hits="0"/>
						<line number="125" hits="0" branch="true" condition-coverage="0% (0/2)" missing-branches="126,134"/>
						<line number="126" hits="0"/>
						<line number="127" hits="0"/>
						<line number="129" hits="0"/>
						<line number="130" hits="0"/>
						<line number="131" hits="0"/>
						<line number="134" hits="0"/>
						<line number="135" hits="0"/>
						<line number="138" hits="0"/>
						<line number="139" hits="0"/>
						<line number="141" hits="0"/>
						<line number="142" hits="0"/>
						<line number="145" hits="0"/>
						<line number="146" hits="0"/>
						<line number="148" hits="0"/>
						<line number="152" hits="0"/>
						<line number="153" hits="0" branch="true" condition-coverage="0% (0/2)" missing-branches="154,157"/>
						<line number="154" hits="0"/>
						<line number="157" hits="0" branch="true" condition-coverage="0% (0/2)" missing-branches="158,161"/>
						<line number="158" hits="0"/>
						<line number="161" hits="0"/>
						<line number="164" hits="0"/>
						<line number="165" hits="0" branch="true" condition-coverage="0% (0/2)" missing-branches="166,168"/>
						<line number="166" hits="0"/>
						<line number="168" hits="0"/>
						<line number="171" hits="0" branch="true" condition-coverage="0% (0/2)" missing-branches="exit,173"/>
						<line number="173" hits="0"/>
						<line number="175" hits="0" branch="true" condition-coverage="0% (0/2)" missing-branches="exit,176"/>
						<line number="176" hits="0"/>
						<line number="178" hits="0"/>
						<line number="185" hits="0"/>
						<line number="186" hits="0"/>
						<line number="188" hits="0"/>
						<line number="191" hits="0"/>
						<line number="192" hits="0"/>
						<line number="194" hits="0"/>
						<line number="195" hits="0"/>
						<line number="196" hits="0"/>
						<line number="197" hits="0"/>
						<line number="198" hits="0"/>
						<line number="199" hits="0"/>
						<line number="200" hits="0"/>
						<line number="202" hits="0"/>
						<line number="203" hits="0"/>
						<line number="206" hits="0"/>
						<line number="208" hits="0"/>
						<line number="209" hits="0"/>
						<line number="210" hits="0"/>
						<line number="211" hits="0"/>
						<line number="213" hits="0"/>
						<line number="214" hits="0"/>
						<line number="215" hits="0"/>
						<line number="216" hits="0"/>
						<line number="217" hits="0"/>
						<line number="218" hits="0"/>
						<line number="220" hits="0"/>
						<line number="221" hits="0"/>
						<line number="222" hits="0"/>
						<line number="223" hits="0"/>
						<line number="225" hits="0"/>
						<line number="226" hits="0"/>
						<line number="227" hits="0"/>
						<line number="228" hits="0"/>
						<line number="229" hits="0"/>
						<line number="230" hits="0"/>
						<line number="233" hits="0" branch="true" condition-coverage="0% (0/2)" missing-branches="234,253"/>
						<line number="234" hits="0"/>
						<line number="235" hits="0"/>
						<line number="236" hits="0"/>
						<line number="238" hits="0"/>
						<line number="239" hits="0"/>
						<line number="241" hits="0"/>
						<line number="243" hits="0" branch="true" condition-coverage="0% (0/2)" missing-branches="244,253"/>
						<line number="244" hits="0"/>
						<line number="245" hits="0"/>
						<line number="246" hits="0"/>
						<line number="248" hits="0"/>
						<line number="249" hits="0" branch="true" condition-coverage="0% (0/2)" missing-branches="250,253"/>
						<line number="250" hits="0"/>
						<line number="253" hits="0" branch="true" condition-coverage="0% (0/2)" missing-branches="254,277"/>
						<line number="254" hits="0"/>
						<line number="255" hits="0"/>
						<line number="275" hits="0"/>
						<line number="277" hits="0"/>
						<line number="278" hits="0"/>
						<line number="279" hits="0"/>
						<line number="281" hits="0"/>
						<line number="284" hits="0"/>
						<line number="286" hits="0"/>
						<line number="288" hits="0"/>
						<line number="294" hits="0" branch="true" condition-coverage="0% (0/2)" missing-branches="295,298"/>
						<line number="295" hits="0"/>
						<line number="296" hits="0"/>
						<line number="298" hits="0"/>
						<line number="299" hits="0"/>
						<line number="302" hits="0"/>
						<line number="304" hits="0"/>
						<line number="323" hits="0"/>
						<line number="326" hits="0"/>
						<line number="327" hits="0"/>
						<line number="330" hits="0"/>
						<line number="336" hits="0"/>
						<line number="341" hits="0"/>
						<line number="347" hits="0"/>
						<line number="353" hits="0"/>
						<line number="359" hits="0"/>
						<line number="365" hits="0"/>
						<line number="366" hits="0"/>
						<line number="367" hits="0"/>
						<line number="372" hits="0"/>
						<line number="378" hits="0"/>
						<line number="381" hits="0"/>
						<line number="384" hits="0"/>
						<line number="387" hits="0" branch="true" condition-coverage="0% (0/2)" missing-branches="388,389"/>
						<line number="388" hits="0"/>
						<line number="389" hits="0" branch="true" condition-coverage="0% (0/2)" missing-branches="390,391"/>
						<line number="390" hits="0"/>
						<line number="391" hits="0"/>
						<line number="392" hits="0"/>
					</lines>
				</class>
			</classes>
		</package>
		<package name="analysis" line-rate="0.8511" branch-rate="0.7162" complexity="0">
			<classes>
				<class name="__init__.py" filename="analysis/__init__.py" complexity="0" line-rate="1" branch-rate="1">
					<methods/>
					<lines>
						<line number="3" hits="1"/>
						<line number="5" hits="1"/>
					</lines>
				</class>
				<class name="market_conditions.py" filename="analysis/market_conditions.py" complexity="0" line-rate="0.85" branch-rate="0.7162">
					<methods/>
					<lines>
						<line number="12" hits="1"/>
						<line number="13" hits="1"/>
						<line number="14" hits="1"/>
						<line number="15" hits="1"/>
						<line number="16" hits="1"/>
						<line number="17" hits="1"/>
						<line number="19" hits="1"/>
						<line number="20" hits="1"/>
						<line number="22" hits="1"/>
						<line number="25" hits="1"/>
						<line number="28" hits="1"/>
						<line number="29" hits="1"/>
						<line number="30" hits="1"/>
						<line number="31" hits="1"/>
						<line number="32" hits="1"/>
						<line number="35" hits="1"/>
						<line number="38" hits="1"/>
						<line number="39" hits="1"/>
						<line number="40" hits="1"/>
						<line number="41" hits="1"/>
						<line number="42" hits="1"/>
						<line number="45" hits="1"/>
						<line number="46" hits="1"/>
						<line number="49" hits="1"/>
						<line number="50" hits="1"/>
						<line number="51" hits="1"/>
						<line number="52" hits="1"/>
						<line number="53" hits="1"/>
						<line number="54" hits="1"/>
						<line number="55" hits="1"/>
						<line number="56" hits="1"/>
						<line number="59" hits="1"/>
						<line number="60" hits="1"/>
						<line number="63" hits="1"/>
						<line number="64" hits="1"/>
						<line number="65" hits="1"/>
						<line number="66" hits="1"/>
						<line number="67" hits="1"/>
						<line number="68" hits="1"/>
						<line number="69" hits="1"/>
						<line number="72" hits="1"/>
						<line number="73" hits="1"/>
						<line number="76" hits="1"/>
						<line number="77" hits="1"/>
						<line number="78" hits="1"/>
						<line number="79" hits="1"/>
						<line number="80" hits="1"/>
						<line number="81" hits="1"/>
						<line number="84" hits="1"/>
						<line number="85" hits="1"/>
						<line number="88" hits="1"/>
						<line number="89" hits="1"/>
						<line number="90" hits="1"/>
						<line number="91" hits="1"/>
						<line number="92" hits="1"/>
						<line number="93" hits="1"/>
						<line number="96" hits="1"/>
						<line number="97" hits="1"/>
						<line number="100" hits="1"/>
						<line number="101" hits="1"/>
						<line number="102" hits="1"/>
						<line number="103" hits="1"/>
						<line number="104" hits="1"/>
						<line number="105" hits="1"/>
						<line number="106" hits="1"/>
						<line number="107" hits="1"/>
						<line number="110" hits="1"/>
						<line number="119" hits="1"/>
						<line number="122" hits="1"/>
						<line number="135" hits="1"/>
						<line number="151" hits="1"/>
						<line number="152" hits="1"/>
						<line number="153" hits="1"/>
						<line number="154" hits="1"/>
						<line number="156" hits="1" branch="true" condition-coverage="100% (2/2)"/>
						<line number="157" hits="1"/>
						<line number="159" hits="1"/>
						<line number="161" hits="1" branch="true" condition-coverage="100% (2/2)"/>
						<line number="162" hits="1"/>
						<line number="164" hits="1"/>
						<line number="165" hits="1" branch="true" condition-coverage="50% (1/2)" missing-branches="170"/>
						<line number="166" hits="1"/>
						<line number="167" hits="1"/>
						<line number="170" hits="0"/>
						<line number="171" hits="0"/>
						<line number="173" hits="1"/>
						<line number="175" hits="1" branch="true" condition-coverage="50% (1/2)" missing-branches="exit"/>
						<line number="176" hits="1"/>
						<line number="178" hits="1"/>
						<line number="188" hits="1"/>
						<line number="189" hits="1"/>
						<line number="190" hits="1" branch="true" condition-coverage="50% (1/2)" missing-branches="191"/>
						<line number="191" hits="0"/>
						<line number="193" hits="1"/>
						<line number="194" hits="1"/>
						<line number="197" hits="1" branch="true" condition-coverage="50% (1/2)" missing-branches="208"/>
						<line number="198" hits="1"/>
						<line number="199" hits="1"/>
						<line number="200" hits="1"/>
						<line number="201" hits="1"/>
						<line number="202" hits="1"/>
						<line number="203" hits="1"/>
						<line number="204" hits="1"/>
						<line number="205" hits="1"/>
						<line number="208" hits="1" branch="true" condition-coverage="50% (1/2)" missing-branches="219"/>
						<line number="209" hits="1"/>
						<line number="210" hits="1"/>
						<line number="211" hits="1"/>
						<line number="212" hits="1"/>
						<line number="213" hits="1"/>
						<line number="214" hits="1"/>
						<line number="215" hits="1"/>
						<line number="216" hits="1"/>
						<line number="217" hits="1"/>
						<line number="219" hits="0"/>
						<line number="221" hits="1"/>
						<line number="228" hits="1"/>
						<line number="229" hits="1"/>
						<line number="230" hits="1" branch="true" condition-coverage="50% (1/2)" missing-branches="231"/>
						<line number="231" hits="0"/>
						<line number="234" hits="1" branch="true" condition-coverage="50% (1/2)" missing-branches="245"/>
						<line number="235" hits="1"/>
						<line number="236" hits="1"/>
						<line number="237" hits="1"/>
						<line number="238" hits="1"/>
						<line number="239" hits="1"/>
						<line number="240" hits="1"/>
						<line number="241" hits="0"/>
						<line number="242" hits="0"/>
						<line number="245" hits="0" branch="true" condition-coverage="0% (0/2)" missing-branches="246,256"/>
						<line number="246" hits="0"/>
						<line number="247" hits="0"/>
						<line number="248" hits="0"/>
						<line number="249" hits="0"/>
						<line number="250" hits="0"/>
						<line number="251" hits="0"/>
						<line number="252" hits="0"/>
						<line number="253" hits="0"/>
						<line number="254" hits="0"/>
						<line number="256" hits="0"/>
						<line number="258" hits="1"/>
						<line number="265" hits="1"/>
						<line number="266" hits="1"/>
						<line number="267" hits="1" branch="true" condition-coverage="50% (1/2)" missing-branches="268"/>
						<line number="268" hits="0"/>
						<line number="270" hits="1"/>
						<line number="271" hits="1"/>
						<line number="274" hits="1" branch="true" condition-coverage="50% (1/2)" missing-branches="285"/>
						<line number="275" hits="1"/>
						<line number="276" hits="1"/>
						<line number="277" hits="1"/>
						<line number="278" hits="1"/>
						<line number="279" hits="1"/>
						<line number="280" hits="1"/>
						<line number="281" hits="0"/>
						<line number="282" hits="0"/>
						<line number="285" hits="0" branch="true" condition-coverage="0% (0/2)" missing-branches="286,296"/>
						<line number="286" hits="0"/>
						<line number="287" hits="0"/>
						<line number="288" hits="0"/>
						<line number="289" hits="0"/>
						<line number="290" hits="0"/>
						<line number="291" hits="0"/>
						<line number="292" hits="0"/>
						<line number="293" hits="0"/>
						<line number="294" hits="0"/>
						<line number="296" hits="0"/>
						<line number="298" hits="1"/>
						<line number="310" hits="1"/>
						<line number="319" hits="1"/>
						<line number="337" hits="1"/>
						<line number="340" hits="1"/>
						<line number="343" hits="1"/>
						<line number="345" hits="1"/>
						<line number="347" hits="1"/>
						<line number="348" hits="1"/>
						<line number="351" hits="1"/>
						<line number="352" hits="1"/>
						<line number="355" hits="1" branch="true" condition-coverage="100% (2/2)"/>
						<line number="361" hits="1"/>
						<line number="367" hits="1" branch="true" condition-coverage="100% (2/2)"/>
						<line number="372" hits="1"/>
						<line number="378" hits="1" branch="true" condition-coverage="50% (1/2)" missing-branches="385"/>
						<line number="379" hits="1"/>
						<line number="385" hits="0"/>
						<line number="390" hits="1"/>
						<line number="403" hits="1"/>
						<line number="412" hits="1" branch="true" condition-coverage="100% (2/2)"/>
						<line number="413" hits="1"/>
						<line number="426" hits="1" branch="true" condition-coverage="100% (2/2)"/>
						<line number="427" hits="1"/>
						<line number="441" hits="1" branch="true" condition-coverage="50% (1/2)" missing-branches="457"/>
						<line number="442" hits="1"/>
						<line number="457" hits="1" branch="true" condition-coverage="100% (2/2)"/>
						<line number="458" hits="1"/>
						<line number="461" hits="1" branch="true" condition-coverage="100% (2/2)"/>
						<line number="462" hits="1"/>
						<line number="466" hits="1"/>
						<line number="468" hits="1"/>
						<line number="475" hits="1"/>
						<line number="478" hits="1"/>
						<line number="479" hits="1"/>
						<line number="480" hits="1"/>
						<line number="481" hits="1"/>
						<line number="483" hits="1"/>
						<line number="484" hits="1"/>
						<line number="485" hits="1"/>
						<line number="486" hits="1"/>
						<line number="489" hits="1"/>
						<line number="492" hits="1"/>
						<line number="494" hits="1"/>
						<line number="505" hits="1"/>
						<line number="506" hits="1"/>
						<line number="512" hits="1"/>
						<line number="515" hits="1"/>
						<line number="516" hits="1" branch="true" condition-coverage="100% (2/2)"/>
						<line number="517" hits="1"/>
						<line number="518" hits="1"/>
						<line number="519" hits="1"/>
						<line number="521" hits="1"/>
						<line number="524" hits="1"/>
						<line number="525" hits="1" branch="true" condition-coverage="100% (2/2)"/>
						<line number="526" hits="1"/>
						<line number="527" hits="1"/>
						<line number="528" hits="1"/>
						<line number="530" hits="1"/>
						<line number="532" hits="1"/>
						<line number="533" hits="1"/>
						<line number="534" hits="1"/>
						<line number="536" hits="1"/>
						<line number="538" hits="0"/>
						<line number="539" hits="0"/>
						<line number="545" hits="1"/>
						<line number="549" hits="1"/>
						<line number="551" hits="1" branch="true" condition-coverage="100% (2/2)"/>
						<line number="552" hits="1" branch="true" condition-coverage="100% (2/2)"/>
						<line number="553" hits="1"/>
						<line number="554" hits="1"/>
						<line number="564" hits="1" branch="true" condition-coverage="50% (1/2)" missing-branches="551"/>
						<line number="565" hits="1"/>
						<line number="576" hits="1"/>
						<line number="578" hits="1"/>
						<line number="581" hits="1" branch="true" condition-coverage="50% (1/2)" missing-branches="586"/>
						<line number="582" hits="1"/>
						<line number="583" hits="1"/>
						<line number="584" hits="1"/>
						<line number="586" hits="0"/>
						<line number="587" hits="0"/>
						<line number="588" hits="0"/>
						<line number="590" hits="1"/>
						<line number="591" hits="1"/>
						<line number="594" hits="1" branch="true" condition-coverage="100% (2/2)"/>
						<line number="595" hits="1"/>
						<line number="596" hits="1" branch="true" condition-coverage="100% (2/2)"/>
						<line number="597" hits="1"/>
						<line number="598" hits="1" branch="true" condition-coverage="100% (2/2)"/>
						<line number="599" hits="1"/>
						<line number="600" hits="1" branch="true" condition-coverage="100% (2/2)"/>
						<line number="601" hits="1"/>
						<line number="603" hits="1"/>
						<line number="606" hits="1" branch="true" condition-coverage="100% (2/2)"/>
						<line number="607" hits="1"/>
						<line number="608" hits="1" branch="true" condition-coverage="100% (2/2)"/>
						<line number="609" hits="1"/>
						<line number="611" hits="1"/>
						<line number="613" hits="1"/>
						<line number="623" hits="1"/>
						<line number="627" hits="1"/>
						<line number="629" hits="1" branch="true" condition-coverage="100% (2/2)"/>
						<line number="630" hits="1" branch="true" condition-coverage="50% (1/2)" missing-branches="631"/>
						<line number="631" hits="0"/>
						<line number="633" hits="1" branch="true" condition-coverage="50% (1/2)" missing-branches="637"/>
						<line number="634" hits="1"/>
						<line number="635" hits="1"/>
						<line number="636" hits="1"/>
						<line number="637" hits="0" branch="true" condition-coverage="0% (0/2)" missing-branches="638,641"/>
						<line number="638" hits="0"/>
						<line number="639" hits="0"/>
						<line number="641" hits="1"/>
						<line number="652" hits="1"/>
					</lines>
				</class>
			</classes>
		</package>
		<package name="core" line-rate="0" branch-rate="0" complexity="0">
			<classes>
				<class name="__init__.py" filename="core/__init__.py" complexity="0" line-rate="0" branch-rate="1">
					<methods/>
					<lines>
						<line number="5" hits="0"/>
						<line number="6" hits="0"/>
						<line number="8" hits="0"/>
					</lines>
				</class>
				<class name="rate_limiter.py" filename="core/rate_limiter.py" complexity="0" line-rate="0" branch-rate="0">
					<methods/>
					<lines>
						<line number="7" hits="0"/>
						<line number="8" hits="0"/>
						<line number="9" hits="0"/>
						<line number="10" hits="0"/>
						<line number="11" hits="0"/>
						<line number="12" hits="0"/>
						<line number="13" hits="0"/>
						<line number="14" hits="0"/>
						<line number="16" hits="0"/>
						<line number="19" hits="0"/>
						<line number="22" hits="0"/>
						<line number="23" hits="0"/>
						<line number="24" hits="0"/>
						<line number="27" hits="0"/>
						<line number="28" hits="0"/>
						<line number="31" hits="0"/>
						<line number="32" hits="0"/>
						<line number="33" hits="0"/>
						<line number="34" hits="0"/>
						<line number="35" hits="0"/>
						<line number="36" hits="0"/>
						<line number="39" hits="0"/>
						<line number="40" hits="0"/>
						<line number="43" hits="0"/>
						<line number="44" hits="0"/>
						<line number="45" hits="0"/>
						<line number="46" hits="0"/>
						<line number="49" hits="0"/>
						<line number="56" hits="0"/>
						<line number="57" hits="0"/>
						<line number="58" hits="0"/>
						<line number="59" hits="0"/>
						<line number="60" hits="0"/>
						<line number="63" hits="0"/>
						<line number="64" hits="0"/>
						<line number="65" hits="0"/>
						<line number="68" hits="0"/>
						<line number="70" hits="0"/>
						<line number="80" hits="0"/>
						<line number="81" hits="0"/>
						<line number="83" hits="0" branch="true" condition-coverage="0% (0/2)" missing-branches="84,88"/>
						<line number="84" hits="0"/>
						<line number="85" hits="0"/>
						<line number="86" hits="0"/>
						<line number="88" hits="0"/>
						<line number="89" hits="0"/>
						<line number="91" hits="0"/>
						<line number="101" hits="0"/>
						<line number="103" hits="0"/>
						<line number="104" hits="0"/>
						<line number="105" hits="0"/>
						<line number="107" hits="0" branch="true" condition-coverage="0% (0/2)" missing-branches="108,115"/>
						<line number="108" hits="0"/>
						<line number="109" hits="0"/>
						<line number="110" hits="0"/>
						<line number="111" hits="0"/>
						<line number="112" hits="0"/>
						<line number="115" hits="0"/>
						<line number="116" hits="0"/>
						<line number="119" hits="0"/>
						<line number="121" hits="0"/>
						<line number="123" hits="0"/>
						<line number="124" hits="0"/>
						<line number="125" hits="0"/>
						<line number="128" hits="0"/>
						<line number="129" hits="0"/>
						<line number="131" hits="0"/>
						<line number="133" hits="0"/>
						<line number="140" hits="0"/>
						<line number="142" hits="0"/>
						<line number="143" hits="0"/>
						<line number="144" hits="0"/>
						<line number="145" hits="0"/>
						<line number="146" hits="0"/>
						<line number="149" hits="0"/>
						<line number="156" hits="0"/>
						<line number="157" hits="0"/>
						<line number="158" hits="0"/>
						<line number="159" hits="0"/>
						<line number="160" hits="0"/>
						<line number="161" hits="0"/>
						<line number="164" hits="0"/>
						<line number="165" hits="0"/>
						<line number="167" hits="0"/>
						<line number="169" hits="0"/>
						<line number="170" hits="0"/>
						<line number="171" hits="0"/>
						<line number="173" hits="0" branch="true" condition-coverage="0% (0/2)" missing-branches="174,178"/>
						<line number="174" hits="0"/>
						<line number="175" hits="0"/>
						<line number="176" hits="0"/>
						<line number="178" hits="0"/>
						<line number="179" hits="0"/>
						<line number="181" hits="0"/>
						<line number="183" hits="0"/>
						<line number="185" hits="0"/>
						<line number="186" hits="0" branch="true" condition-coverage="0% (0/2)" missing-branches="187,190"/>
						<line number="187" hits="0"/>
						<line number="190" hits="0"/>
						<line number="191" hits="0"/>
						<line number="192" hits="0"/>
						<line number="194" hits="0" branch="true" condition-coverage="0% (0/2)" missing-branches="195,201"/>
						<line number="195" hits="0"/>
						<line number="196" hits="0"/>
						<line number="197" hits="0" branch="true" condition-coverage="0% (0/2)" missing-branches="198,201"/>
						<line number="198" hits="0"/>
						<line number="199" hits="0"/>
						<line number="201" hits="0"/>
						<line number="203" hits="0"/>
						<line number="205" hits="0"/>
						<line number="206" hits="0"/>
						<line number="208" hits="0"/>
						<line number="210" hits="0"/>
						<line number="218" hits="0"/>
						<line number="225" hits="0"/>
						<line number="226" hits="0"/>
						<line number="227" hits="0"/>
						<line number="230" hits="0" branch="true" condition-coverage="0% (0/2)" missing-branches="231,238"/>
						<line number="231" hits="0"/>
						<line number="238" hits="0" branch="true" condition-coverage="0% (0/2)" missing-branches="exit,239"/>
						<line number="239" hits="0"/>
						<line number="243" hits="0"/>
						<line number="245" hits="0" branch="true" condition-coverage="0% (0/2)" missing-branches="246,248"/>
						<line number="246" hits="0" branch="true" condition-coverage="0% (0/2)" missing-branches="245,247"/>
						<line number="247" hits="0"/>
						<line number="248" hits="0"/>
						<line number="250" hits="0"/>
						<line number="252" hits="0"/>
						<line number="253" hits="0" branch="true" condition-coverage="0% (0/2)" missing-branches="254,256"/>
						<line number="254" hits="0"/>
						<line number="255" hits="0"/>
						<line number="256" hits="0"/>
						<line number="259" hits="0"/>
						<line number="264" hits="0"/>
						<line number="265" hits="0"/>
						<line number="267" hits="0"/>
						<line number="268" hits="0"/>
						<line number="269" hits="0"/>
						<line number="270" hits="0"/>
						<line number="272" hits="0"/>
						<line number="275" hits="0"/>
						<line number="291" hits="0"/>
						<line number="292" hits="0"/>
						<line number="294" hits="0"/>
						<line number="295" hits="0"/>
						<line number="296" hits="0"/>
						<line number="297" hits="0"/>
						<line number="299" hits="0"/>
						<line number="301" hits="0"/>
						<line number="304" hits="0"/>
						<line number="315" hits="0"/>
						<line number="316" hits="0"/>
						<line number="317" hits="0"/>
						<line number="318" hits="0"/>
						<line number="321" hits="0"/>
						<line number="322" hits="0"/>
						<line number="323" hits="0"/>
						<line number="325" hits="0"/>
						<line number="328" hits="0" branch="true" condition-coverage="0% (0/2)" missing-branches="329,332"/>
						<line number="329" hits="0" branch="true" condition-coverage="0% (0/2)" missing-branches="330,332"/>
						<line number="330" hits="0"/>
						<line number="332" hits="0"/>
						<line number="334" hits="0"/>
						<line number="337" hits="0" branch="true" condition-coverage="0% (0/2)" missing-branches="338,344"/>
						<line number="338" hits="0" branch="true" condition-coverage="0% (0/2)" missing-branches="339,344"/>
						<line number="339" hits="0"/>
						<line number="340" hits="0" branch="true" condition-coverage="0% (0/2)" missing-branches="341,344"/>
						<line number="341" hits="0"/>
						<line number="342" hits="0"/>
						<line number="344" hits="0"/>
						<line number="346" hits="0"/>
						<line number="349" hits="0" branch="true" condition-coverage="0% (0/2)" missing-branches="350,352"/>
						<line number="350" hits="0"/>
						<line number="352" hits="0" branch="true" condition-coverage="0% (0/2)" missing-branches="353,355"/>
						<line number="353" hits="0"/>
						<line number="355" hits="0" branch="true" condition-coverage="0% (0/2)" missing-branches="356,366"/>
						<line number="356" hits="0"/>
						<line number="357" hits="0"/>
						<line number="359" hits="0" branch="true" condition-coverage="0% (0/2)" missing-branches="360,362"/>
						<line number="360" hits="0"/>
						<line number="362" hits="0"/>
						<line number="363" hits="0"/>
						<line number="364" hits="0"/>
						<line number="366" hits="0" branch="true" condition-coverage="0% (0/2)" missing-branches="367,374"/>
						<line number="367" hits="0"/>
						<line number="368" hits="0"/>
						<line number="369" hits="0"/>
						<line number="370" hits="0"/>
						<line number="371" hits="0"/>
						<line number="372" hits="0"/>
						<line number="374" hits="0"/>
					</lines>
				</class>
				<class name="validation.py" filename="core/validation.py" complexity="0" line-rate="0" branch-rate="0">
					<methods/>
					<lines>
						<line number="7" hits="0"/>
						<line number="8" hits="0"/>
						<line number="9" hits="0"/>
						<line number="10" hits="0"/>
						<line number="11" hits="0"/>
						<line number="12" hits="0"/>
						<line number="14" hits="0"/>
						<line number="17" hits="0"/>
						<line number="20" hits="0"/>
						<line number="21" hits="0"/>
						<line number="22" hits="0"/>
						<line number="23" hits="0"/>
						<line number="26" hits="0"/>
						<line number="27" hits="0"/>
						<line number="30" hits="0"/>
						<line number="31" hits="0"/>
						<line number="32" hits="0"/>
						<line number="33" hits="0"/>
						<line number="34" hits="0"/>
						<line number="37" hits="0"/>
						<line number="38" hits="0"/>
						<line number="41" hits="0"/>
						<line number="42" hits="0"/>
						<line number="43" hits="0"/>
						<line number="44" hits="0"/>
						<line number="46" hits="0"/>
						<line number="48" hits="0"/>
						<line number="49" hits="0" branch="true" condition-coverage="0% (0/2)" missing-branches="exit,50"/>
						<line number="50" hits="0"/>
						<line number="52" hits="0"/>
						<line number="53" hits="0"/>
						<line number="55" hits="0"/>
						<line number="60" hits="0"/>
						<line number="61" hits="0"/>
						<line number="63" hits="0"/>
						<line number="66" hits="0"/>
						<line number="74" hits="0"/>
						<line number="86" hits="0"/>
						<line number="87" hits="0"/>
						<line number="88" hits="0"/>
						<line number="89" hits="0"/>
						<line number="90" hits="0"/>
						<line number="91" hits="0"/>
						<line number="93" hits="0"/>
						<line number="95" hits="0"/>
						<line number="98" hits="0"/>
						<line number="100" hits="0" branch="true" condition-coverage="0% (0/2)" missing-branches="101,104"/>
						<line number="101" hits="0"/>
						<line number="104" hits="0"/>
						<line number="107" hits="0"/>
						<line number="110" hits="0"/>
						<line number="113" hits="0"/>
						<line number="115" hits="0"/>
						<line number="117" hits="0"/>
						<line number="119" hits="0"/>
						<line number="121" hits="0" branch="true" condition-coverage="0% (0/2)" missing-branches="exit,122"/>
						<line number="122" hits="0" branch="true" condition-coverage="0% (0/2)" missing-branches="121,123"/>
						<line number="123" hits="0"/>
						<line number="131" hits="0"/>
						<line number="133" hits="0"/>
						<line number="135" hits="0" branch="true" condition-coverage="0% (0/2)" missing-branches="136,173"/>
						<line number="136" hits="0" branch="true" condition-coverage="0% (0/2)" missing-branches="135,137"/>
						<line number="137" hits="0"/>
						<line number="139" hits="0" branch="true" condition-coverage="0% (0/2)" missing-branches="140,150"/>
						<line number="140" hits="0"/>
						<line number="148" hits="0"/>
						<line number="150" hits="0" branch="true" condition-coverage="0% (0/2)" missing-branches="151,161"/>
						<line number="151" hits="0"/>
						<line number="161" hits="0" branch="true" condition-coverage="0% (0/2)" missing-branches="135,162"/>
						<line number="162" hits="0"/>
						<line number="173" hits="0" branch="true" condition-coverage="0% (0/2)" missing-branches="exit,174"/>
						<line number="174" hits="0"/>
						<line number="175" hits="0" branch="true" condition-coverage="0% (0/2)" missing-branches="exit,176"/>
						<line number="176" hits="0"/>
						<line number="185" hits="0"/>
						<line number="187" hits="0"/>
						<line number="188" hits="0"/>
						<line number="189" hits="0"/>
						<line number="190" hits="0"/>
						<line number="193" hits="0" branch="true" condition-coverage="0% (0/2)" missing-branches="194,197"/>
						<line number="194" hits="0"/>
						<line number="197" hits="0" branch="true" condition-coverage="0% (0/2)" missing-branches="198,208"/>
						<line number="198" hits="0"/>
						<line number="208" hits="0" branch="true" condition-coverage="0% (0/2)" missing-branches="exit,209"/>
						<line number="209" hits="0"/>
						<line number="218" hits="0"/>
						<line number="220" hits="0"/>
						<line number="222" hits="0" branch="true" condition-coverage="0% (0/2)" missing-branches="exit,223"/>
						<line number="223" hits="0" branch="true" condition-coverage="0% (0/2)" missing-branches="224,234"/>
						<line number="224" hits="0"/>
						<line number="232" hits="0"/>
						<line number="234" hits="0" branch="true" condition-coverage="0% (0/2)" missing-branches="235,244"/>
						<line number="235" hits="0"/>
						<line number="244" hits="0" branch="true" condition-coverage="0% (0/2)" missing-branches="exit,245"/>
						<line number="245" hits="0"/>
						<line number="255" hits="0"/>
						<line number="257" hits="0"/>
						<line number="259" hits="0" branch="true" condition-coverage="0% (0/2)" missing-branches="260,263"/>
						<line number="260" hits="0"/>
						<line number="263" hits="0" branch="true" condition-coverage="0% (0/2)" missing-branches="264,278"/>
						<line number="264" hits="0"/>
						<line number="265" hits="0"/>
						<line number="266" hits="0"/>
						<line number="267" hits="0"/>
						<line number="275" hits="0"/>
						<line number="278" hits="0" branch="true" condition-coverage="0% (0/2)" missing-branches="exit,279"/>
						<line number="279" hits="0"/>
						<line number="281" hits="0" branch="true" condition-coverage="0% (0/2)" missing-branches="282,292"/>
						<line number="282" hits="0"/>
						<line number="292" hits="0" branch="true" condition-coverage="0% (0/2)" missing-branches="exit,293"/>
						<line number="293" hits="0"/>
						<line number="303" hits="0"/>
						<line number="315" hits="0"/>
						<line number="316" hits="0"/>
						<line number="317" hits="0"/>
						<line number="319" hits="0"/>
						<line number="320" hits="0"/>
						<line number="321" hits="0"/>
						<line number="322" hits="0"/>
						<line number="323" hits="0"/>
						<line number="325" hits="0"/>
						<line number="329" hits="0"/>
						<line number="332" hits="0"/>
						<line number="334" hits="0" branch="true" condition-coverage="0% (0/2)" missing-branches="335,338"/>
						<line number="335" hits="0"/>
						<line number="338" hits="0"/>
						<line number="341" hits="0"/>
						<line number="344" hits="0"/>
						<line number="347" hits="0"/>
						<line number="350" hits="0"/>
						<line number="352" hits="0"/>
						<line number="354" hits="0"/>
						<line number="356" hits="0"/>
						<line number="358" hits="0" branch="true" condition-coverage="0% (0/2)" missing-branches="exit,359"/>
						<line number="359" hits="0" branch="true" condition-coverage="0% (0/2)" missing-branches="358,360"/>
						<line number="360" hits="0"/>
						<line number="368" hits="0"/>
						<line number="370" hits="0"/>
						<line number="372" hits="0" branch="true" condition-coverage="0% (0/2)" missing-branches="373,384"/>
						<line number="373" hits="0"/>
						<line number="384" hits="0" branch="true" condition-coverage="0% (0/2)" missing-branches="385,395"/>
						<line number="385" hits="0" branch="true" condition-coverage="0% (0/2)" missing-branches="386,395"/>
						<line number="386" hits="0"/>
						<line number="395" hits="0" branch="true" condition-coverage="0% (0/2)" missing-branches="exit,396"/>
						<line number="396" hits="0" branch="true" condition-coverage="0% (0/2)" missing-branches="exit,397"/>
						<line number="397" hits="0"/>
						<line number="405" hits="0"/>
						<line number="407" hits="0"/>
						<line number="409" hits="0" branch="true" condition-coverage="0% (0/2)" missing-branches="exit,410"/>
						<line number="410" hits="0"/>
						<line number="420" hits="0"/>
						<line number="422" hits="0"/>
						<line number="424" hits="0" branch="true" condition-coverage="0% (0/2)" missing-branches="425,435"/>
						<line number="425" hits="0"/>
						<line number="433" hits="0"/>
						<line number="435" hits="0" branch="true" condition-coverage="0% (0/2)" missing-branches="436,445"/>
						<line number="436" hits="0"/>
						<line number="445" hits="0" branch="true" condition-coverage="0% (0/2)" missing-branches="exit,446"/>
						<line number="446" hits="0"/>
						<line number="456" hits="0"/>
						<line number="463" hits="0"/>
						<line number="464" hits="0"/>
						<line number="465" hits="0"/>
						<line number="468" hits="0" branch="true" condition-coverage="0% (0/2)" missing-branches="469,507"/>
						<line number="469" hits="0" branch="true" condition-coverage="0% (0/2)" missing-branches="470,480"/>
						<line number="470" hits="0"/>
						<line number="480" hits="0" branch="true" condition-coverage="0% (0/2)" missing-branches="481,494"/>
						<line number="481" hits="0"/>
						<line number="482" hits="0" branch="true" condition-coverage="0% (0/2)" missing-branches="483,494"/>
						<line number="483" hits="0"/>
						<line number="494" hits="0"/>
						<line number="495" hits="0" branch="true" condition-coverage="0% (0/2)" missing-branches="496,507"/>
						<line number="496" hits="0"/>
						<line number="507" hits="0" branch="true" condition-coverage="0% (0/2)" missing-branches="exit,508"/>
						<line number="508" hits="0" branch="true" condition-coverage="0% (0/2)" missing-branches="exit,509"/>
						<line number="509" hits="0"/>
						<line number="518" hits="0"/>
						<line number="520" hits="0"/>
						<line number="522" hits="0" branch="true" condition-coverage="0% (0/2)" missing-branches="exit,523"/>
						<line number="523" hits="0"/>
						<line number="534" hits="0"/>
						<line number="541" hits="0"/>
						<line number="542" hits="0"/>
						<line number="547" hits="0"/>
						<line number="549" hits="0"/>
						<line number="551" hits="0"/>
						<line number="553" hits="0"/>
						<line number="555" hits="0"/>
						<line number="559" hits="0"/>
						<line number="561" hits="0"/>
						<line number="563" hits="0" branch="true" condition-coverage="0% (0/2)" missing-branches="564,575"/>
						<line number="564" hits="0"/>
						<line number="575" hits="0"/>
						<line number="576" hits="0"/>
					</lines>
				</class>
			</classes>
		</package>
		<package name="engines" line-rate="0" branch-rate="1" complexity="0">
			<classes>
				<class name="__init__.py" filename="engines/__init__.py" complexity="0" line-rate="0" branch-rate="1">
					<methods/>
					<lines>
						<line number="3" hits="0"/>
						<line number="5" hits="0"/>
					</lines>
				</class>
			</classes>
		</package>
		<package name="engines.cortex" line-rate="0" branch-rate="1" complexity="0">
			<classes>
				<class name="__init__.py" filename="engines/cortex/__init__.py" complexity="0" line-rate="0" branch-rate="1">
					<methods/>
					<lines>
						<line number="8" hits="0"/>
						<line number="9" hits="0"/>
						<line number="11" hits="0"/>
					</lines>
				</class>
			</classes>
		</package>
		<package name="engines.cortex.core" line-rate="0" branch-rate="0" complexity="0">
			<classes>
				<class name="__init__.py" filename="engines/cortex/core/__init__.py" complexity="0" line-rate="0" branch-rate="1">
					<methods/>
					<lines>
						<line number="3" hits="0"/>
						<line number="4" hits="0"/>
						<line number="6" hits="0"/>
					</lines>
				</class>
				<class name="engine.py" filename="engines/cortex/core/engine.py" complexity="0" line-rate="0" branch-rate="0">
					<methods/>
					<lines>
						<line number="7" hits="0"/>
						<line number="8" hits="0"/>
						<line number="10" hits="0"/>
						<line number="13" hits="0"/>
						<line number="14" hits="0"/>
						<line number="16" hits="0"/>
						<line number="17" hits="0"/>
						<line number="18" hits="0"/>
						<line number="19" hits="0"/>
						<line number="20" hits="0"/>
						<line number="23" hits="0"/>
						<line number="34" hits="0"/>
						<line number="52" hits="0"/>
						<line number="53" hits="0"/>
						<line number="54" hits="0"/>
						<line number="57" hits="0"/>
						<line number="58" hits="0"/>
						<line number="61" hits="0"/>
						<line number="62" hits="0"/>
						<line number="64" hits="0"/>
						<line number="66" hits="0" branch="true" condition-coverage="0% (0/2)" missing-branches="67,69"/>
						<line number="67" hits="0"/>
						<line number="69" hits="0" branch="true" condition-coverage="0% (0/2)" missing-branches="70,74"/>
						<line number="70" hits="0"/>
						<line number="74" hits="0"/>
						<line number="81" hits="0"/>
						<line number="83" hits="0" branch="true" condition-coverage="0% (0/2)" missing-branches="84,86"/>
						<line number="84" hits="0"/>
						<line number="86" hits="0" branch="true" condition-coverage="0% (0/2)" missing-branches="87,90"/>
						<line number="87" hits="0"/>
						<line number="90" hits="0"/>
						<line number="96" hits="0"/>
						<line number="109" hits="0"/>
						<line number="112" hits="0"/>
						<line number="115" hits="0"/>
						<line number="116" hits="0"/>
						<line number="120" hits="0" branch="true" condition-coverage="0% (0/2)" missing-branches="121,124"/>
						<line number="121" hits="0"/>
						<line number="124" hits="0" branch="true" condition-coverage="0% (0/2)" missing-branches="125,130"/>
						<line number="125" hits="0"/>
						<line number="130" hits="0"/>
						<line number="135" hits="0"/>
						<line number="138" hits="0"/>
						<line number="149" hits="0"/>
						<line number="151" hits="0"/>
						<line number="153" hits="0"/>
						<line number="157" hits="0"/>
						<line number="188" hits="0"/>
						<line number="192" hits="0"/>
						<line number="224" hits="0"/>
						<line number="228" hits="0"/>
						<line number="259" hits="0"/>
						<line number="270" hits="0"/>
						<line number="271" hits="0"/>
						<line number="274" hits="0" branch="true" condition-coverage="0% (0/2)" missing-branches="275,317"/>
						<line number="275" hits="0" branch="true" condition-coverage="0% (0/2)" missing-branches="276,282"/>
						<line number="276" hits="0"/>
						<line number="277" hits="0"/>
						<line number="278" hits="0"/>
						<line number="280" hits="0"/>
						<line number="282" hits="0" branch="true" condition-coverage="0% (0/2)" missing-branches="284,317"/>
						<line number="284" hits="0"/>
						<line number="285" hits="0"/>
						<line number="300" hits="0"/>
						<line number="301" hits="0"/>
						<line number="310" hits="0"/>
						<line number="311" hits="0"/>
						<line number="312" hits="0"/>
						<line number="314" hits="0"/>
						<line number="317" hits="0" branch="true" condition-coverage="0% (0/2)" missing-branches="318,329"/>
						<line number="318" hits="0"/>
						<line number="329" hits="0"/>
						<line number="341" hits="0"/>
						<line number="342" hits="0"/>
						<line number="344" hits="0"/>
						<line number="358" hits="0"/>
						<line number="361" hits="0"/>
						<line number="372" hits="0"/>
						<line number="381" hits="0"/>
						<line number="382" hits="0"/>
						<line number="384" hits="0"/>
						<line number="398" hits="0"/>
						<line number="401" hits="0"/>
						<line number="402" hits="0"/>
						<line number="403" hits="0"/>
						<line number="404" hits="0"/>
						<line number="406" hits="0" branch="true" condition-coverage="0% (0/2)" missing-branches="407,411"/>
						<line number="407" hits="0" branch="true" condition-coverage="0% (0/2)" missing-branches="408,416"/>
						<line number="408" hits="0"/>
						<line number="409" hits="0"/>
						<line number="411" hits="0" branch="true" condition-coverage="0% (0/2)" missing-branches="412,416"/>
						<line number="412" hits="0" branch="true" condition-coverage="0% (0/2)" missing-branches="413,416"/>
						<line number="413" hits="0"/>
						<line number="414" hits="0"/>
						<line number="416" hits="0"/>
						<line number="424" hits="0"/>
						<line number="432" hits="0"/>
						<line number="433" hits="0"/>
						<line number="435" hits="0"/>
						<line number="437" hits="0"/>
						<line number="439" hits="0"/>
						<line number="441" hits="0"/>
						<line number="443" hits="0"/>
						<line number="445" hits="0" branch="true" condition-coverage="0% (0/2)" missing-branches="446,447"/>
						<line number="446" hits="0"/>
						<line number="447" hits="0"/>
						<line number="449" hits="0"/>
						<line number="451" hits="0"/>
					</lines>
				</class>
				<class name="outputs.py" filename="engines/cortex/core/outputs.py" complexity="0" line-rate="0" branch-rate="0">
					<methods/>
					<lines>
						<line number="7" hits="0"/>
						<line number="8" hits="0"/>
						<line number="9" hits="0"/>
						<line number="10" hits="0"/>
						<line number="13" hits="0"/>
						<line number="16" hits="0"/>
						<line number="17" hits="0"/>
						<line number="18" hits="0"/>
						<line number="19" hits="0"/>
						<line number="20" hits="0"/>
						<line number="21" hits="0"/>
						<line number="22" hits="0"/>
						<line number="25" hits="0"/>
						<line number="26" hits="0"/>
						<line number="34" hits="0"/>
						<line number="35" hits="0"/>
						<line number="36" hits="0"/>
						<line number="37" hits="0"/>
						<line number="38" hits="0"/>
						<line number="39" hits="0"/>
						<line number="40" hits="0"/>
						<line number="43" hits="0"/>
						<line number="44" hits="0"/>
						<line number="45" hits="0"/>
						<line number="46" hits="0"/>
						<line number="48" hits="0"/>
						<line number="50" hits="0" branch="true" condition-coverage="0% (0/2)" missing-branches="exit,51"/>
						<line number="51" hits="0"/>
						<line number="53" hits="0"/>
						<line number="55" hits="0"/>
						<line number="70" hits="0"/>
						<line number="71" hits="0"/>
						<line number="78" hits="0"/>
						<line number="79" hits="0"/>
						<line number="80" hits="0"/>
						<line number="81" hits="0"/>
						<line number="84" hits="0"/>
						<line number="85" hits="0"/>
						<line number="86" hits="0"/>
						<line number="89" hits="0"/>
						<line number="92" hits="0"/>
						<line number="93" hits="0"/>
						<line number="96" hits="0"/>
						<line number="97" hits="0"/>
						<line number="98" hits="0"/>
						<line number="101" hits="0"/>
						<line number="102" hits="0"/>
						<line number="105" hits="0"/>
						<line number="106" hits="0"/>
						<line number="107" hits="0"/>
						<line number="108" hits="0"/>
						<line number="110" hits="0"/>
						<line number="112" hits="0"/>
					</lines>
				</class>
			</classes>
		</package>
		<package name="engines.cortex.rag" line-rate="0" branch-rate="1" complexity="0">
			<classes>
				<class name="__init__.py" filename="engines/cortex/rag/__init__.py" complexity="0" line-rate="0" branch-rate="1">
					<methods/>
					<lines>
						<line number="7" hits="0"/>
						<line number="9" hits="0"/>
					</lines>
				</class>
			</classes>
		</package>
		<package name="engines.flowroute" line-rate="0" branch-rate="1" complexity="0">
			<classes>
				<class name="__init__.py" filename="engines/flowroute/__init__.py" complexity="0" line-rate="0" branch-rate="1">
					<methods/>
					<lines>
						<line number="7" hits="0"/>
						<line number="8" hits="0"/>
						<line number="10" hits="0"/>
					</lines>
				</class>
			</classes>
		</package>
		<package name="engines.flowroute.adapters" line-rate="0" branch-rate="0" complexity="0">
			<classes>
				<class name="__init__.py" filename="engines/flowroute/adapters/__init__.py" complexity="0" line-rate="0" branch-rate="1">
					<methods/>
					<lines>
						<line number="3" hits="0"/>
						<line number="5" hits="0"/>
					</lines>
				</class>
				<class name="paper.py" filename="engines/flowroute/adapters/paper.py" complexity="0" line-rate="0" branch-rate="0">
					<methods/>
					<lines>
						<line number="7" hits="0"/>
						<line number="8" hits="0"/>
						<line number="9" hits="0"/>
						<line number="11" hits="0"/>
						<line number="12" hits="0"/>
						<line number="15" hits="0"/>
						<line number="22" hits="0"/>
						<line number="36" hits="0"/>
						<line number="37" hits="0"/>
						<line number="38" hits="0"/>
						<line number="40" hits="0"/>
						<line number="41" hits="0"/>
						<line number="42" hits="0"/>
						<line number="44" hits="0"/>
						<line number="55" hits="0"/>
						<line number="58" hits="0"/>
						<line number="66" hits="0"/>
						<line number="76" hits="0"/>
						<line number="84" hits="0"/>
						<line number="91" hits="0"/>
						<line number="99" hits="0"/>
						<line number="106" hits="0"/>
						<line number="110" hits="0"/>
						<line number="118" hits="0"/>
						<line number="132" hits="0" branch="true" condition-coverage="0% (0/2)" missing-branches="133,136"/>
						<line number="133" hits="0"/>
						<line number="136" hits="0" branch="true" condition-coverage="0% (0/2)" missing-branches="137,140"/>
						<line number="137" hits="0"/>
						<line number="138" hits="0"/>
						<line number="140" hits="0"/>
						<line number="141" hits="0"/>
						<line number="144" hits="0"/>
						<line number="147" hits="0"/>
						<line number="161" hits="0"/>
						<line number="164" hits="0"/>
						<line number="166" hits="0"/>
						<line number="168" hits="0"/>
						<line number="172" hits="0" branch="true" condition-coverage="0% (0/2)" missing-branches="173,180"/>
						<line number="173" hits="0"/>
						<line number="180" hits="0"/>
						<line number="182" hits="0" branch="true" condition-coverage="0% (0/2)" missing-branches="184,193"/>
						<line number="184" hits="0"/>
						<line number="185" hits="0"/>
						<line number="186" hits="0"/>
						<line number="189" hits="0"/>
						<line number="193" hits="0"/>
						<line number="194" hits="0"/>
						<line number="196" hits="0" branch="true" condition-coverage="0% (0/2)" missing-branches="198,200"/>
						<line number="198" hits="0"/>
						<line number="200" hits="0" branch="true" condition-coverage="0% (0/2)" missing-branches="exit,201"/>
						<line number="201" hits="0"/>
						<line number="202" hits="0"/>
						<line number="204" hits="0"/>
						<line number="206" hits="0"/>
						<line number="207" hits="0"/>
						<line number="208" hits="0"/>
						<line number="210" hits="0"/>
						<line number="212" hits="0"/>
					</lines>
				</class>
			</classes>
		</package>
		<package name="engines.flowroute.core" line-rate="0" branch-rate="0" complexity="0">
			<classes>
				<class name="__init__.py" filename="engines/flowroute/core/__init__.py" complexity="0" line-rate="0" branch-rate="1">
					<methods/>
					<lines>
						<line number="3" hits="0"/>
						<line number="4" hits="0"/>
						<line number="6" hits="0"/>
					</lines>
				</class>
				<class name="engine.py" filename="engines/flowroute/core/engine.py" complexity="0" line-rate="0" branch-rate="0">
					<methods/>
					<lines>
						<line number="7" hits="0"/>
						<line number="8" hits="0"/>
						<line number="9" hits="0"/>
						<line number="11" hits="0"/>
						<line number="20" hits="0"/>
						<line number="27" hits="0"/>
						<line number="34" hits="0"/>
						<line number="35" hits="0"/>
						<line number="36" hits="0"/>
						<line number="38" hits="0"/>
						<line number="48" hits="0"/>
						<line number="50" hits="0"/>
						<line number="65" hits="0"/>
						<line number="68" hits="0"/>
						<line number="77" hits="0"/>
						<line number="79" hits="0"/>
						<line number="81" hits="0"/>
						<line number="91" hits="0" branch="true" condition-coverage="0% (0/2)" missing-branches="92,94"/>
						<line number="92" hits="0"/>
						<line number="94" hits="0" branch="true" condition-coverage="0% (0/2)" missing-branches="95,98"/>
						<line number="95" hits="0"/>
						<line number="98" hits="0"/>
						<line number="99" hits="0"/>
						<line number="102" hits="0"/>
						<line number="110" hits="0"/>
						<line number="113" hits="0"/>
						<line number="114" hits="0"/>
						<line number="116" hits="0" branch="true" condition-coverage="0% (0/2)" missing-branches="117,136"/>
						<line number="117" hits="0"/>
						<line number="118" hits="0"/>
						<line number="119" hits="0"/>
						<line number="121" hits="0"/>
						<line number="124" hits="0"/>
						<line number="133" hits="0"/>
						<line number="135" hits="0"/>
						<line number="136" hits="0"/>
						<line number="137" hits="0"/>
						<line number="139" hits="0"/>
						<line number="148" hits="0"/>
						<line number="150" hits="0"/>
						<line number="152" hits="0"/>
						<line number="153" hits="0"/>
						<line number="154" hits="0"/>
						<line number="156" hits="0"/>
						<line number="165" hits="0"/>
						<line number="167" hits="0"/>
						<line number="169" hits="0"/>
						<line number="180" hits="0" branch="true" condition-coverage="0% (0/2)" missing-branches="181,183"/>
						<line number="181" hits="0"/>
						<line number="183" hits="0"/>
						<line number="185" hits="0" branch="true" condition-coverage="0% (0/2)" missing-branches="186,188"/>
						<line number="186" hits="0"/>
						<line number="188" hits="0" branch="true" condition-coverage="0% (0/2)" missing-branches="189,191"/>
						<line number="189" hits="0"/>
						<line number="191" hits="0"/>
						<line number="192" hits="0"/>
						<line number="194" hits="0" branch="true" condition-coverage="0% (0/2)" missing-branches="195,212"/>
						<line number="195" hits="0"/>
						<line number="197" hits="0"/>
						<line number="206" hits="0"/>
						<line number="208" hits="0" branch="true" condition-coverage="0% (0/2)" missing-branches="209,211"/>
						<line number="209" hits="0"/>
						<line number="211" hits="0"/>
						<line number="212" hits="0"/>
						<line number="214" hits="0"/>
						<line number="215" hits="0"/>
						<line number="217" hits="0"/>
						<line number="219" hits="0"/>
						<line number="221" hits="0"/>
						<line number="223" hits="0"/>
						<line number="225" hits="0"/>
						<line number="227" hits="0"/>
						<line number="229" hits="0"/>
						<line number="236" hits="0" branch="true" condition-coverage="0% (0/2)" missing-branches="237,239"/>
						<line number="237" hits="0"/>
						<line number="239" hits="0"/>
						<line number="240" hits="0"/>
						<line number="243" hits="0"/>
						<line number="256" hits="0"/>
						<line number="259" hits="0" branch="true" condition-coverage="0% (0/2)" missing-branches="exit,260"/>
						<line number="260" hits="0"/>
						<line number="262" hits="0"/>
						<line number="264" hits="0"/>
						<line number="265" hits="0"/>
						<line number="266" hits="0"/>
						<line number="268" hits="0" branch="true" condition-coverage="0% (0/2)" missing-branches="269,278"/>
						<line number="269" hits="0"/>
						<line number="278" hits="0"/>
						<line number="279" hits="0" branch="true" condition-coverage="0% (0/2)" missing-branches="280,284"/>
						<line number="280" hits="0" branch="true" condition-coverage="0% (0/2)" missing-branches="279,281"/>
						<line number="281" hits="0"/>
						<line number="282" hits="0"/>
						<line number="284" hits="0"/>
						<line number="287" hits="0"/>
						<line number="289" hits="0"/>
						<line number="303" hits="0"/>
						<line number="305" hits="0"/>
						<line number="313" hits="0"/>
						<line number="320" hits="0"/>
						<line number="332" hits="0"/>
						<line number="344" hits="0"/>
						<line number="348" hits="0"/>
					</lines>
				</class>
				<class name="orders.py" filename="engines/flowroute/core/orders.py" complexity="0" line-rate="0" branch-rate="0">
					<methods/>
					<lines>
						<line number="7" hits="0"/>
						<line number="8" hits="0"/>
						<line number="9" hits="0"/>
						<line number="10" hits="0"/>
						<line number="13" hits="0"/>
						<line number="16" hits="0"/>
						<line number="17" hits="0"/>
						<line number="18" hits="0"/>
						<line number="19" hits="0"/>
						<line number="20" hits="0"/>
						<line number="21" hits="0"/>
						<line number="22" hits="0"/>
						<line number="23" hits="0"/>
						<line number="24" hits="0"/>
						<line number="25" hits="0"/>
						<line number="26" hits="0"/>
						<line number="29" hits="0"/>
						<line number="32" hits="0"/>
						<line number="33" hits="0"/>
						<line number="34" hits="0"/>
						<line number="35" hits="0"/>
						<line number="38" hits="0"/>
						<line number="41" hits="0"/>
						<line number="42" hits="0"/>
						<line number="43" hits="0"/>
						<line number="44" hits="0"/>
						<line number="47" hits="0"/>
						<line number="48" hits="0"/>
						<line number="55" hits="0"/>
						<line number="56" hits="0"/>
						<line number="57" hits="0"/>
						<line number="58" hits="0"/>
						<line number="59" hits="0"/>
						<line number="60" hits="0"/>
						<line number="61" hits="0"/>
						<line number="62" hits="0"/>
						<line number="65" hits="0"/>
						<line number="66" hits="0"/>
						<line number="69" hits="0"/>
						<line number="70" hits="0"/>
						<line number="72" hits="0"/>
						<line number="75" hits="0"/>
						<line number="76" hits="0"/>
						<line number="83" hits="0"/>
						<line number="84" hits="0"/>
						<line number="85" hits="0"/>
						<line number="86" hits="0"/>
						<line number="87" hits="0"/>
						<line number="88" hits="0"/>
						<line number="89" hits="0"/>
						<line number="90" hits="0"/>
						<line number="93" hits="0"/>
						<line number="94" hits="0"/>
						<line number="95" hits="0"/>
						<line number="96" hits="0"/>
						<line number="99" hits="0"/>
						<line number="100" hits="0"/>
						<line number="101" hits="0"/>
						<line number="104" hits="0"/>
						<line number="105" hits="0"/>
						<line number="106" hits="0"/>
						<line number="109" hits="0"/>
						<line number="110" hits="0"/>
						<line number="113" hits="0"/>
						<line number="114" hits="0"/>
						<line number="117" hits="0"/>
						<line number="118" hits="0"/>
						<line number="120" hits="0"/>
						<line number="122" hits="0"/>
						<line number="124" hits="0" branch="true" condition-coverage="0% (0/2)" missing-branches="exit,125"/>
						<line number="125" hits="0"/>
						<line number="127" hits="0"/>
						<line number="129" hits="0"/>
						<line number="136" hits="0"/>
						<line number="138" hits="0"/>
						<line number="140" hits="0"/>
						<line number="145" hits="0"/>
						<line number="147" hits="0"/>
						<line number="149" hits="0" branch="true" condition-coverage="0% (0/2)" missing-branches="150,151"/>
						<line number="150" hits="0"/>
						<line number="151" hits="0"/>
						<line number="153" hits="0"/>
						<line number="159" hits="0"/>
						<line number="160" hits="0"/>
						<line number="161" hits="0"/>
						<line number="164" hits="0" branch="true" condition-coverage="0% (0/2)" missing-branches="165,169"/>
						<line number="165" hits="0"/>
						<line number="166" hits="0"/>
						<line number="169" hits="0" branch="true" condition-coverage="0% (0/2)" missing-branches="170,172"/>
						<line number="170" hits="0"/>
						<line number="171" hits="0"/>
						<line number="172" hits="0" branch="true" condition-coverage="0% (0/2)" missing-branches="exit,173"/>
						<line number="173" hits="0"/>
						<line number="175" hits="0"/>
						<line number="177" hits="0"/>
						<line number="200" hits="0"/>
						<line number="201" hits="0"/>
						<line number="204" hits="0"/>
						<line number="205" hits="0"/>
						<line number="206" hits="0"/>
						<line number="207" hits="0"/>
						<line number="208" hits="0"/>
						<line number="209" hits="0"/>
						<line number="210" hits="0"/>
						<line number="211" hits="0"/>
						<line number="212" hits="0"/>
						<line number="215" hits="0"/>
						<line number="216" hits="0"/>
						<line number="218" hits="0"/>
						<line number="220" hits="0"/>
						<line number="222" hits="0"/>
						<line number="238" hits="0"/>
						<line number="239" hits="0"/>
						<line number="242" hits="0"/>
						<line number="243" hits="0"/>
						<line number="244" hits="0"/>
						<line number="245" hits="0"/>
						<line number="248" hits="0"/>
						<line number="249" hits="0"/>
						<line number="250" hits="0"/>
						<line number="253" hits="0"/>
						<line number="254" hits="0"/>
						<line number="255" hits="0"/>
						<line number="257" hits="0"/>
						<line number="259" hits="0"/>
					</lines>
				</class>
			</classes>
		</package>
		<package name="engines.proofbench" line-rate="0" branch-rate="1" complexity="0">
			<classes>
				<class name="__init__.py" filename="engines/proofbench/__init__.py" complexity="0" line-rate="0" branch-rate="1">
					<methods/>
					<lines>
						<line number="8" hits="0"/>
						<line number="9" hits="0"/>
						<line number="10" hits="0"/>
						<line number="11" hits="0"/>
						<line number="21" hits="0"/>
						<line number="22" hits="0"/>
						<line number="24" hits="0"/>
						<line number="53" hits="0"/>
					</lines>
				</class>
			</classes>
		</package>
		<package name="engines.proofbench.analytics" line-rate="0" branch-rate="0" complexity="0">
			<classes>
				<class name="__init__.py" filename="engines/proofbench/analytics/__init__.py" complexity="0" line-rate="0" branch-rate="1">
					<methods/>
					<lines>
						<line number="3" hits="0"/>
						<line number="4" hits="0"/>
						<line number="6" hits="0"/>
					</lines>
				</class>
				<class name="llm_enhanced.py" filename="engines/proofbench/analytics/llm_enhanced.py" complexity="0" line-rate="0" branch-rate="0">
					<methods/>
					<lines>
						<line number="11" hits="0"/>
						<line number="12" hits="0"/>
						<line number="14" hits="0"/>
						<line number="17" hits="0"/>
						<line number="18" hits="0"/>
						<line number="20" hits="0"/>
						<line number="21" hits="0"/>
						<line number="22" hits="0"/>
						<line number="23" hits="0"/>
						<line number="26" hits="0"/>
						<line number="33" hits="0"/>
						<line number="40" hits="0"/>
						<line number="41" hits="0"/>
						<line number="43" hits="0"/>
						<line number="45" hits="0" branch="true" condition-coverage="0% (0/2)" missing-branches="46,48"/>
						<line number="46" hits="0"/>
						<line number="48" hits="0" branch="true" condition-coverage="0% (0/2)" missing-branches="49,51"/>
						<line number="49" hits="0"/>
						<line number="51" hits="0"/>
						<line number="58" hits="0"/>
						<line number="68" hits="0" branch="true" condition-coverage="0% (0/2)" missing-branches="69,71"/>
						<line number="69" hits="0"/>
						<line number="71" hits="0" branch="true" condition-coverage="0% (0/2)" missing-branches="72,77"/>
						<line number="72" hits="0"/>
						<line number="73" hits="0"/>
						<line number="74" hits="0"/>
						<line number="75" hits="0"/>
						<line number="77" hits="0" branch="true" condition-coverage="0% (0/2)" missing-branches="78,80"/>
						<line number="78" hits="0"/>
						<line number="80" hits="0"/>
						<line number="81" hits="0"/>
						<line number="83" hits="0"/>
						<line number="116" hits="0"/>
						<line number="117" hits="0"/>
						<line number="119" hits="0"/>
						<line number="131" hits="0"/>
						<line number="132" hits="0"/>
						<line number="134" hits="0"/>
						<line number="144" hits="0" branch="true" condition-coverage="0% (0/2)" missing-branches="145,147"/>
						<line number="145" hits="0"/>
						<line number="147" hits="0" branch="true" condition-coverage="0% (0/2)" missing-branches="148,153"/>
						<line number="148" hits="0"/>
						<line number="149" hits="0"/>
						<line number="150" hits="0"/>
						<line number="151" hits="0"/>
						<line number="153" hits="0" branch="true" condition-coverage="0% (0/2)" missing-branches="154,156"/>
						<line number="154" hits="0"/>
						<line number="156" hits="0"/>
						<line number="157" hits="0"/>
						<line number="158" hits="0" branch="true" condition-coverage="0% (0/2)" missing-branches="159,166"/>
						<line number="159" hits="0"/>
						<line number="160" hits="0"/>
						<line number="166" hits="0"/>
						<line number="180" hits="0"/>
						<line number="181" hits="0"/>
						<line number="183" hits="0"/>
						<line number="190" hits="0"/>
						<line number="191" hits="0"/>
						<line number="193" hits="0"/>
						<line number="206" hits="0" branch="true" condition-coverage="0% (0/2)" missing-branches="207,209"/>
						<line number="207" hits="0"/>
						<line number="209" hits="0" branch="true" condition-coverage="0% (0/2)" missing-branches="210,215"/>
						<line number="210" hits="0"/>
						<line number="211" hits="0"/>
						<line number="212" hits="0"/>
						<line number="213" hits="0"/>
						<line number="215" hits="0" branch="true" condition-coverage="0% (0/2)" missing-branches="216,218"/>
						<line number="216" hits="0"/>
						<line number="218" hits="0"/>
						<line number="219" hits="0"/>
						<line number="221" hits="0"/>
						<line number="237" hits="0"/>
						<line number="238" hits="0"/>
						<line number="241" hits="0"/>
						<line number="247" hits="0"/>
						<line number="249" hits="0"/>
						<line number="250" hits="0"/>
						<line number="252" hits="0"/>
						<line number="263" hits="0" branch="true" condition-coverage="0% (0/2)" missing-branches="264,266"/>
						<line number="264" hits="0"/>
						<line number="266" hits="0" branch="true" condition-coverage="0% (0/2)" missing-branches="267,272"/>
						<line number="267" hits="0"/>
						<line number="268" hits="0"/>
						<line number="269" hits="0"/>
						<line number="270" hits="0"/>
						<line number="272" hits="0" branch="true" condition-coverage="0% (0/2)" missing-branches="273,275"/>
						<line number="273" hits="0"/>
						<line number="275" hits="0"/>
						<line number="276" hits="0"/>
						<line number="287" hits="0"/>
						<line number="288" hits="0"/>
						<line number="290" hits="0"/>
						<line number="291" hits="0"/>
						<line number="293" hits="0"/>
						<line number="303" hits="0" branch="true" condition-coverage="0% (0/2)" missing-branches="304,306"/>
						<line number="304" hits="0"/>
						<line number="306" hits="0" branch="true" condition-coverage="0% (0/2)" missing-branches="307,312"/>
						<line number="307" hits="0"/>
						<line number="308" hits="0"/>
						<line number="309" hits="0"/>
						<line number="310" hits="0"/>
						<line number="312" hits="0" branch="true" condition-coverage="0% (0/2)" missing-branches="313,315"/>
						<line number="313" hits="0"/>
						<line number="315" hits="0"/>
						<line number="316" hits="0"/>
						<line number="318" hits="0"/>
						<line number="338" hits="0"/>
						<line number="339" hits="0"/>
						<line number="341" hits="0"/>
						<line number="347" hits="0"/>
						<line number="348" hits="0"/>
						<line number="350" hits="0"/>
						<line number="352" hits="0"/>
						<line number="354" hits="0"/>
						<line number="365" hits="0"/>
						<line number="377" hits="0"/>
						<line number="381" hits="0"/>
						<line number="383" hits="0"/>
						<line number="389" hits="0"/>
						<line number="396" hits="0"/>
						<line number="398" hits="0"/>
						<line number="421" hits="0"/>
						<line number="423" hits="0"/>
						<line number="425" hits="0"/>
						<line number="427" hits="0"/>
						<line number="434" hits="0"/>
					</lines>
				</class>
				<class name="performance.py" filename="engines/proofbench/analytics/performance.py" complexity="0" line-rate="0" branch-rate="0">
					<methods/>
					<lines>
						<line number="7" hits="0"/>
						<line number="8" hits="0"/>
						<line number="10" hits="0"/>
						<line number="11" hits="0"/>
						<line number="17" hits="0"/>
						<line number="18" hits="0"/>
						<line number="57" hits="0"/>
						<line number="58" hits="0"/>
						<line number="61" hits="0"/>
						<line number="62" hits="0"/>
						<line number="65" hits="0"/>
						<line number="66" hits="0"/>
						<line number="67" hits="0"/>
						<line number="70" hits="0"/>
						<line number="71" hits="0"/>
						<line number="72" hits="0"/>
						<line number="75" hits="0"/>
						<line number="76" hits="0"/>
						<line number="77" hits="0"/>
						<line number="78" hits="0"/>
						<line number="79" hits="0"/>
						<line number="80" hits="0"/>
						<line number="81" hits="0"/>
						<line number="82" hits="0"/>
						<line number="85" hits="0"/>
						<line number="86" hits="0"/>
						<line number="87" hits="0"/>
						<line number="90" hits="0"/>
						<line number="96" hits="0"/>
						<line number="102" hits="0"/>
						<line number="104" hits="0"/>
						<line number="120" hits="0" branch="true" condition-coverage="0% (0/2)" missing-branches="121,124"/>
						<line number="121" hits="0"/>
						<line number="124" hits="0"/>
						<line number="125" hits="0"/>
						<line number="127" hits="0"/>
						<line number="130" hits="0"/>
						<line number="133" hits="0"/>
						<line number="134" hits="0"/>
						<line number="137" hits="0"/>
						<line number="138" hits="0"/>
						<line number="141" hits="0"/>
						<line number="142" hits="0"/>
						<line number="145" hits="0"/>
						<line number="147" hits="0"/>
						<line number="150" hits="0" branch="true" condition-coverage="0% (0/2)" missing-branches="151,153"/>
						<line number="151" hits="0"/>
						<line number="153" hits="0"/>
						<line number="166" hits="0"/>
						<line number="168" hits="0"/>
						<line number="192" hits="0"/>
						<line number="202" hits="0"/>
						<line number="204" hits="0"/>
						<line number="214" hits="0" branch="true" condition-coverage="0% (0/2)" missing-branches="215,218"/>
						<line number="215" hits="0"/>
						<line number="218" hits="0"/>
						<line number="219" hits="0"/>
						<line number="221" hits="0" branch="true" condition-coverage="0% (0/2)" missing-branches="222,225"/>
						<line number="222" hits="0"/>
						<line number="225" hits="0"/>
						<line number="226" hits="0"/>
						<line number="228" hits="0"/>
						<line number="230" hits="0"/>
						<line number="239" hits="0" branch="true" condition-coverage="0% (0/2)" missing-branches="240,243"/>
						<line number="240" hits="0"/>
						<line number="243" hits="0"/>
						<line number="244" hits="0"/>
						<line number="246" hits="0"/>
						<line number="248" hits="0"/>
						<line number="258" hits="0" branch="true" condition-coverage="0% (0/2)" missing-branches="259,262"/>
						<line number="259" hits="0"/>
						<line number="262" hits="0"/>
						<line number="265" hits="0"/>
						<line number="267" hits="0" branch="true" condition-coverage="0% (0/2)" missing-branches="268,271"/>
						<line number="268" hits="0"/>
						<line number="271" hits="0"/>
						<line number="272" hits="0"/>
						<line number="274" hits="0"/>
						<line number="276" hits="0"/>
						<line number="286" hits="0" branch="true" condition-coverage="0% (0/2)" missing-branches="287,290"/>
						<line number="287" hits="0"/>
						<line number="290" hits="0"/>
						<line number="293" hits="0"/>
						<line number="296" hits="0"/>
						<line number="298" hits="0"/>
						<line number="300" hits="0"/>
						<line number="310" hits="0" branch="true" condition-coverage="0% (0/2)" missing-branches="311,314"/>
						<line number="311" hits="0"/>
						<line number="314" hits="0"/>
						<line number="317" hits="0"/>
						<line number="320" hits="0"/>
						<line number="322" hits="0" branch="true" condition-coverage="0% (0/2)" missing-branches="323,326"/>
						<line number="323" hits="0"/>
						<line number="326" hits="0"/>
						<line number="328" hits="0"/>
						<line number="330" hits="0"/>
						<line number="339" hits="0" branch="true" condition-coverage="0% (0/2)" missing-branches="340,343"/>
						<line number="340" hits="0"/>
						<line number="343" hits="0"/>
						<line number="346" hits="0"/>
						<line number="349" hits="0"/>
						<line number="352" hits="0"/>
						<line number="353" hits="0"/>
						<line number="357" hits="0"/>
						<line number="359" hits="0" branch="true" condition-coverage="0% (0/2)" missing-branches="360,363"/>
						<line number="360" hits="0"/>
						<line number="363" hits="0"/>
						<line number="364" hits="0"/>
						<line number="366" hits="0"/>
						<line number="367" hits="0"/>
						<line number="369" hits="0" branch="true" condition-coverage="0% (0/2)" missing-branches="370,378"/>
						<line number="370" hits="0" branch="true" condition-coverage="0% (0/2)" missing-branches="371,372"/>
						<line number="371" hits="0"/>
						<line number="372" hits="0" branch="true" condition-coverage="0% (0/2)" missing-branches="369,373"/>
						<line number="373" hits="0"/>
						<line number="374" hits="0"/>
						<line number="375" hits="0"/>
						<line number="378" hits="0" branch="true" condition-coverage="0% (0/2)" missing-branches="379,382"/>
						<line number="379" hits="0"/>
						<line number="380" hits="0"/>
						<line number="382" hits="0"/>
						<line number="384" hits="0"/>
						<line number="393" hits="0" branch="true" condition-coverage="0% (0/2)" missing-branches="394,407"/>
						<line number="394" hits="0"/>
						<line number="407" hits="0"/>
						<line number="408" hits="0"/>
						<line number="411" hits="0"/>
						<line number="414" hits="0"/>
						<line number="415" hits="0"/>
						<line number="416" hits="0"/>
						<line number="419" hits="0"/>
						<line number="420" hits="0"/>
						<line number="423" hits="0"/>
						<line number="424" hits="0"/>
						<line number="427" hits="0"/>
						<line number="428" hits="0"/>
						<line number="431" hits="0"/>
						<line number="433" hits="0"/>
						<line number="445" hits="0"/>
						<line number="451" hits="0"/>
					</lines>
				</class>
			</classes>
		</package>
		<package name="engines.proofbench.core" line-rate="0" branch-rate="0" complexity="0">
			<classes>
				<class name="__init__.py" filename="engines/proofbench/core/__init__.py" complexity="0" line-rate="0" branch-rate="1">
					<methods/>
					<lines>
						<line number="3" hits="0"/>
						<line number="4" hits="0"/>
						<line number="14" hits="0"/>
						<line number="15" hits="0"/>
						<line number="17" hits="0"/>
					</lines>
				</class>
				<class name="events.py" filename="engines/proofbench/core/events.py" complexity="0" line-rate="0" branch-rate="0">
					<methods/>
					<lines>
						<line number="6" hits="0"/>
						<line number="7" hits="0"/>
						<line number="8" hits="0"/>
						<line number="9" hits="0"/>
						<line number="10" hits="0"/>
						<line number="13" hits="0"/>
						<line number="16" hits="0"/>
						<line number="17" hits="0"/>
						<line number="18" hits="0"/>
						<line number="19" hits="0"/>
						<line number="20" hits="0"/>
						<line number="21" hits="0"/>
						<line number="22" hits="0"/>
						<line number="23" hits="0"/>
						<line number="24" hits="0"/>
						<line number="25" hits="0"/>
						<line number="28" hits="0"/>
						<line number="29" hits="0"/>
						<line number="42" hits="0"/>
						<line number="43" hits="0"/>
						<line number="44" hits="0"/>
						<line number="45" hits="0"/>
						<line number="47" hits="0"/>
						<line number="53" hits="0" branch="true" condition-coverage="0% (0/2)" missing-branches="54,55"/>
						<line number="54" hits="0"/>
						<line number="55" hits="0"/>
						<line number="57" hits="0"/>
						<line number="59" hits="0"/>
						<line number="61" hits="0"/>
						<line number="63" hits="0"/>
						<line number="65" hits="0"/>
						<line number="67" hits="0"/>
						<line number="70" hits="0"/>
						<line number="77" hits="0"/>
						<line number="79" hits="0"/>
						<line number="81" hits="0"/>
						<line number="87" hits="0"/>
						<line number="89" hits="0"/>
						<line number="95" hits="0" branch="true" condition-coverage="0% (0/2)" missing-branches="96,97"/>
						<line number="96" hits="0"/>
						<line number="97" hits="0"/>
						<line number="99" hits="0"/>
						<line number="105" hits="0" branch="true" condition-coverage="0% (0/2)" missing-branches="106,107"/>
						<line number="106" hits="0"/>
						<line number="107" hits="0"/>
						<line number="109" hits="0"/>
						<line number="115" hits="0"/>
						<line number="117" hits="0"/>
						<line number="123" hits="0"/>
						<line number="125" hits="0"/>
						<line number="127" hits="0"/>
					</lines>
				</class>
				<class name="execution.py" filename="engines/proofbench/core/execution.py" complexity="0" line-rate="0" branch-rate="0">
					<methods/>
					<lines>
						<line number="3" hits="0"/>
						<line number="4" hits="0"/>
						<line number="5" hits="0"/>
						<line number="6" hits="0"/>
						<line number="9" hits="0"/>
						<line number="12" hits="0"/>
						<line number="13" hits="0"/>
						<line number="16" hits="0"/>
						<line number="19" hits="0"/>
						<line number="20" hits="0"/>
						<line number="21" hits="0"/>
						<line number="22" hits="0"/>
						<line number="25" hits="0"/>
						<line number="28" hits="0"/>
						<line number="29" hits="0"/>
						<line number="30" hits="0"/>
						<line number="31" hits="0"/>
						<line number="32" hits="0"/>
						<line number="33" hits="0"/>
						<line number="36" hits="0"/>
						<line number="37" hits="0"/>
						<line number="54" hits="0"/>
						<line number="55" hits="0"/>
						<line number="56" hits="0"/>
						<line number="57" hits="0"/>
						<line number="58" hits="0"/>
						<line number="59" hits="0"/>
						<line number="60" hits="0"/>
[...]
						<line number="15" hits="0"/>
						<line number="18" hits="0"/>
						<line number="29" hits="0"/>
						<line number="30" hits="0"/>
						<line number="31" hits="0"/>
						<line number="32" hits="0"/>
						<line number="34" hits="0"/>
						<line number="36" hits="0"/>
						<line number="50" hits="0"/>
						<line number="52" hits="0" branch="true" condition-coverage="0% (0/2)" missing-branches="53,56"/>
						<line number="53" hits="0"/>
						<line number="54" hits="0"/>
						<line number="56" hits="0"/>
						<line number="59" hits="0"/>
						<line number="60" hits="0"/>
						<line number="62" hits="0"/>
						<line number="63" hits="0"/>
						<line number="66" hits="0"/>
						<line number="67" hits="0"/>
						<line number="68" hits="0"/>
						<line number="70" hits="0" branch="true" condition-coverage="0% (0/2)" missing-branches="71,90"/>
						<line number="71" hits="0"/>
						<line number="72" hits="0"/>
						<line number="73" hits="0"/>
						<line number="74" hits="0"/>
						<line number="77" hits="0"/>
						<line number="78" hits="0"/>
						<line number="79" hits="0"/>
						<line number="81" hits="0"/>
						<line number="82" hits="0"/>
						<line number="84" hits="0"/>
						<line number="86" hits="0"/>
						<line number="87" hits="0"/>
						<line number="90" hits="0"/>
						<line number="92" hits="0" branch="true" condition-coverage="0% (0/2)" missing-branches="93,112"/>
						<line number="93" hits="0"/>
						<line number="94" hits="0"/>
						<line number="95" hits="0"/>
						<line number="98" hits="0"/>
						<line number="101" hits="0"/>
						<line number="108" hits="0"/>
						<line number="112" hits="0"/>
						<line number="119" hits="0"/>
						<line number="120" hits="0"/>
						<line number="122" hits="0"/>
						<line number="137" hits="0"/>
						<line number="140" hits="0"/>
						<line number="141" hits="0"/>
						<line number="143" hits="0"/>
						<line number="144" hits="0" branch="true" condition-coverage="0% (0/2)" missing-branches="146,151"/>
						<line number="146" hits="0"/>
						<line number="147" hits="0" branch="true" condition-coverage="0% (0/2)" missing-branches="148,151"/>
						<line number="148" hits="0"/>
						<line number="151" hits="0"/>
						<line number="154" hits="0"/>
						<line number="157" hits="0"/>
						<line number="167" hits="0"/>
						<line number="169" hits="0"/>
						<line number="180" hits="0"/>
						<line number="181" hits="0"/>
						<line number="184" hits="0"/>
						<line number="186" hits="0"/>
						<line number="187" hits="0"/>
						<line number="189" hits="0" branch="true" condition-coverage="0% (0/2)" missing-branches="191,205"/>
						<line number="191" hits="0"/>
						<line number="192" hits="0"/>
						<line number="195" hits="0"/>
						<line number="196" hits="0"/>
						<line number="199" hits="0"/>
						<line number="202" hits="0" branch="true" condition-coverage="0% (0/2)" missing-branches="189,203"/>
						<line number="203" hits="0"/>
						<line number="205" hits="0"/>
					</lines>
				</class>
			</classes>
		</package>
		<package name="rag.retrieval" line-rate="0" branch-rate="0" complexity="0">
			<classes>
				<class name="__init__.py" filename="rag/retrieval/__init__.py" complexity="0" line-rate="0" branch-rate="1">
					<methods/>
					<lines>
						<line number="3" hits="0"/>
						<line number="4" hits="0"/>
						<line number="6" hits="0"/>
					</lines>
				</class>
				<class name="engine.py" filename="rag/retrieval/engine.py" complexity="0" line-rate="0" branch-rate="0">
					<methods/>
					<lines>
						<line number="3" hits="0"/>
						<line number="5" hits="0"/>
						<line number="7" hits="0"/>
						<line number="8" hits="0"/>
						<line number="9" hits="0"/>
						<line number="10" hits="0"/>
						<line number="11" hits="0"/>
						<line number="12" hits="0"/>
						<line number="15" hits="0"/>
						<line number="18" hits="0"/>
						<line number="31" hits="0"/>
						<line number="32" hits="0"/>
						<line number="33" hits="0"/>
						<line number="34" hits="0"/>
						<line number="36" hits="0"/>
						<line number="38" hits="0"/>
						<line number="56" hits="0"/>
						<line number="59" hits="0" branch="true" condition-coverage="0% (0/2)" missing-branches="60,62"/>
						<line number="60" hits="0"/>
						<line number="62" hits="0"/>
						<line number="64" hits="0"/>
						<line number="66" hits="0"/>
						<line number="69" hits="0" branch="true" condition-coverage="0% (0/2)" missing-branches="70,71"/>
						<line number="70" hits="0"/>
						<line number="71" hits="0" branch="true" condition-coverage="0% (0/2)" missing-branches="72,74"/>
						<line number="72" hits="0"/>
						<line number="74" hits="0"/>
						<line number="77" hits="0"/>
						<line number="78" hits="0"/>
						<line number="81" hits="0"/>
						<line number="83" hits="0"/>
						<line number="85" hits="0"/>
						<line number="90" hits="0"/>
						<line number="98" hits="0"/>
						<line number="109" hits="0"/>
						<line number="112" hits="0"/>
						<line number="118" hits="0"/>
						<line number="119" hits="0"/>
						<line number="121" hits="0"/>
						<line number="132" hits="0"/>
						<line number="135" hits="0"/>
						<line number="141" hits="0"/>
						<line number="142" hits="0"/>
						<line number="144" hits="0"/>
						<line number="155" hits="0"/>
						<line number="156" hits="0"/>
						<line number="159" hits="0"/>
						<line number="160" hits="0"/>
						<line number="162" hits="0"/>
						<line number="167" hits="0"/>
						<line number="169" hits="0"/>
						<line number="175" hits="0"/>
						<line number="177" hits="0"/>
					</lines>
				</class>
				<class name="query_classifier.py" filename="rag/retrieval/query_classifier.py" complexity="0" line-rate="0" branch-rate="0">
					<methods/>
					<lines>
						<line number="3" hits="0"/>
						<line number="6" hits="0"/>
						<line number="9" hits="0"/>
						<line number="10" hits="0"/>
						<line number="11" hits="0"/>
						<line number="15" hits="0"/>
						<line number="35" hits="0"/>
						<line number="47" hits="0"/>
						<line number="59" hits="0"/>
						<line number="62" hits="0" branch="true" condition-coverage="0% (0/2)" missing-branches="63,66"/>
						<line number="63" hits="0"/>
						<line number="66" hits="0" branch="true" condition-coverage="0% (0/2)" missing-branches="67,70"/>
						<line number="67" hits="0"/>
						<line number="70" hits="0"/>
					</lines>
				</class>
			</classes>
		</package>
		<package name="rag.vectordb" line-rate="0" branch-rate="0" complexity="0">
			<classes>
				<class name="__init__.py" filename="rag/vectordb/__init__.py" complexity="0" line-rate="0" branch-rate="1">
					<methods/>
					<lines>
						<line number="3" hits="0"/>
						<line number="4" hits="0"/>
						<line number="12" hits="0"/>
					</lines>
				</class>
				<class name="chroma_client.py" filename="rag/vectordb/chroma_client.py" complexity="0" line-rate="0" branch-rate="0">
					<methods/>
					<lines>
						<line number="3" hits="0"/>
						<line number="4" hits="0"/>
						<line number="6" hits="0"/>
						<line number="7" hits="0"/>
						<line number="8" hits="0"/>
						<line number="9" hits="0"/>
						<line number="11" hits="0"/>
						<line number="12" hits="0"/>
						<line number="15" hits="0"/>
						<line number="18" hits="0"/>
						<line number="31" hits="0"/>
						<line number="32" hits="0"/>
						<line number="33" hits="0"/>
						<line number="34" hits="0"/>
						<line number="37" hits="0"/>
						<line number="40" hits="0"/>
						<line number="48" hits="0"/>
						<line number="49" hits="0"/>
						<line number="51" hits="0"/>
						<line number="53" hits="0"/>
						<line number="55" hits="0" branch="true" condition-coverage="0% (0/2)" missing-branches="56,61"/>
						<line number="56" hits="0"/>
						<line number="60" hits="0"/>
						<line number="61" hits="0"/>
						<line number="63" hits="0"/>
						<line number="65" hits="0" branch="true" condition-coverage="0% (0/2)" missing-branches="66,71"/>
						<line number="66" hits="0"/>
						<line number="70" hits="0"/>
						<line number="71" hits="0"/>
						<line number="73" hits="0"/>
						<line number="88" hits="0" branch="true" condition-coverage="0% (0/2)" missing-branches="89,92"/>
						<line number="89" hits="0"/>
						<line number="90" hits="0"/>
						<line number="92" hits="0"/>
						<line number="95" hits="0" branch="true" condition-coverage="0% (0/2)" missing-branches="96,98"/>
						<line number="96" hits="0"/>
						<line number="98" hits="0"/>
						<line number="105" hits="0"/>
						<line number="107" hits="0"/>
						<line number="122" hits="0" branch="true" condition-coverage="0% (0/2)" missing-branches="123,126"/>
						<line number="123" hits="0"/>
						<line number="124" hits="0"/>
						<line number="126" hits="0"/>
						<line number="129" hits="0" branch="true" condition-coverage="0% (0/2)" missing-branches="130,132"/>
						<line number="130" hits="0"/>
						<line number="132" hits="0"/>
						<line number="139" hits="0"/>
						<line number="141" hits="0"/>
						<line number="157" hits="0"/>
						<line number="159" hits="0"/>
						<line number="165" hits="0"/>
						<line number="167" hits="0"/>
						<line number="183" hits="0"/>
						<line number="185" hits="0"/>
						<line number="191" hits="0"/>
						<line number="193" hits="0"/>
						<line number="202" hits="0"/>
						<line number="205" hits="0"/>
						<line number="206" hits="0"/>
						<line number="207" hits="0"/>
						<line number="208" hits="0"/>
						<line number="210" hits="0" branch="true" condition-coverage="0% (0/2)" missing-branches="213,224"/>
						<line number="213" hits="0"/>
						<line number="215" hits="0"/>
						<line number="224" hits="0"/>
						<line number="226" hits="0"/>
						<line number="228" hits="0"/>
						<line number="229" hits="0"/>
						<line number="230" hits="0"/>
						<line number="231" hits="0"/>
						<line number="232" hits="0"/>
						<line number="234" hits="0"/>
						<line number="240" hits="0"/>
						<line number="241" hits="0"/>
						<line number="243" hits="0"/>
					</lines>
				</class>
				<class name="schema.py" filename="rag/vectordb/schema.py" complexity="0" line-rate="0" branch-rate="1">
					<methods/>
					<lines>
						<line number="3" hits="0"/>
						<line number="5" hits="0"/>
						<line number="8" hits="0"/>
						<line number="11" hits="0"/>
						<line number="12" hits="0"/>
						<line number="13" hits="0"/>
						<line number="14" hits="0"/>
						<line number="15" hits="0"/>
						<line number="18" hits="0"/>
						<line number="21" hits="0"/>
						<line number="22" hits="0"/>
						<line number="23" hits="0"/>
						<line number="24" hits="0"/>
						<line number="25" hits="0"/>
						<line number="26" hits="0"/>
						<line number="29" hits="0"/>
						<line number="32" hits="0"/>
						<line number="33" hits="0"/>
						<line number="34" hits="0"/>
						<line number="35" hits="0"/>
						<line number="38" hits="0"/>
						<line number="41" hits="0"/>
						<line number="42" hits="0"/>
						<line number="43" hits="0"/>
						<line number="44" hits="0"/>
						<line number="45" hits="0"/>
						<line number="48" hits="0"/>
						<line number="51" hits="0"/>
						<line number="52" hits="0"/>
						<line number="53" hits="0"/>
						<line number="54" hits="0"/>
						<line number="55" hits="0"/>
					</lines>
				</class>
			</classes>
		</package>
		<package name="strategies" line-rate="0" branch-rate="0" complexity="0">
			<classes>
				<class name="__init__.py" filename="strategies/__init__.py" complexity="0" line-rate="0" branch-rate="1">
					<methods/>
					<lines>
						<line number="13" hits="0"/>
						<line number="14" hits="0"/>
						<line number="15" hits="0"/>
						<line number="16" hits="0"/>
						<line number="18" hits="0"/>
					</lines>
				</class>
				<class name="base.py" filename="strategies/base.py" complexity="0" line-rate="0" branch-rate="0">
					<methods/>
					<lines>
						<line number="7" hits="0"/>
						<line number="8" hits="0"/>
						<line number="10" hits="0"/>
						<line number="12" hits="0"/>
						<line number="15" hits="0"/>
						<line number="25" hits="0"/>
						<line number="33" hits="0"/>
						<line number="34" hits="0"/>
						<line number="35" hits="0"/>
						<line number="63" hits="0"/>
						<line number="70" hits="0"/>
						<line number="72" hits="0"/>
						<line number="82" hits="0" branch="true" condition-coverage="0% (0/2)" missing-branches="83,85"/>
						<line number="83" hits="0"/>
						<line number="85" hits="0"/>
						<line number="86" hits="0"/>
						<line number="87" hits="0" branch="true" condition-coverage="0% (0/2)" missing-branches="88,90"/>
						<line number="88" hits="0"/>
						<line number="90" hits="0" branch="true" condition-coverage="0% (0/2)" missing-branches="91,93"/>
						<line number="91" hits="0"/>
						<line number="93" hits="0"/>
						<line number="95" hits="0"/>
						<line number="97" hits="0"/>
					</lines>
				</class>
				<class name="momentum_breakout.py" filename="strategies/momentum_breakout.py" complexity="0" line-rate="0" branch-rate="0">
					<methods/>
					<lines>
						<line number="7" hits="0"/>
						<line number="9" hits="0"/>
						<line number="11" hits="0"/>
						<line number="13" hits="0"/>
						<line number="16" hits="0"/>
						<line number="31" hits="0"/>
						<line number="33" hits="0"/>
						<line number="34" hits="0"/>
						<line number="35" hits="0"/>
						<line number="36" hits="0"/>
						<line number="37" hits="0"/>
						<line number="38" hits="0"/>
						<line number="42" hits="0"/>
						<line number="53" hits="0"/>
						<line number="54" hits="0"/>
						<line number="55" hits="0"/>
						<line number="57" hits="0"/>
						<line number="58" hits="0"/>
						<line number="59" hits="0"/>
						<line number="61" hits="0"/>
						<line number="62" hits="0"/>
						<line number="64" hits="0"/>
						<line number="66" hits="0"/>
						<line number="78" hits="0"/>
						<line number="79" hits="0" branch="true" condition-coverage="0% (0/2)" missing-branches="80,82"/>
						<line number="80" hits="0"/>
						<line number="82" hits="0"/>
						<line number="83" hits="0"/>
						<line number="84" hits="0"/>
						<line number="85" hits="0"/>
						<line number="86" hits="0"/>
						<line number="89" hits="0"/>
						<line number="90" hits="0"/>
						<line number="91" hits="0"/>
						<line number="92" hits="0"/>
						<line number="93" hits="0"/>
						<line number="96" hits="0"/>
						<line number="97" hits="0"/>
						<line number="98" hits="0"/>
						<line number="99" hits="0"/>
						<line number="100" hits="0"/>
						<line number="101" hits="0"/>
						<line number="104" hits="0"/>
						<line number="105" hits="0"/>
						<line number="108" hits="0"/>
						<line number="111" hits="0"/>
						<line number="114" hits="0" branch="true" condition-coverage="0% (0/2)" missing-branches="115,158"/>
						<line number="115" hits="0" branch="true" condition-coverage="0% (0/2)" missing-branches="117,158"/>
						<line number="117" hits="0"/>
						<line number="118" hits="0"/>
						<line number="121" hits="0" branch="true" condition-coverage="0% (0/2)" missing-branches="122,129"/>
						<line number="122" hits="0"/>
						<line number="123" hits="0"/>
						<line number="129" hits="0"/>
						<line number="131" hits="0"/>
						<line number="158" hits="0" branch="true" condition-coverage="0% (0/2)" missing-branches="159,202"/>
						<line number="159" hits="0" branch="true" condition-coverage="0% (0/2)" missing-branches="161,202"/>
						<line number="161" hits="0"/>
						<line number="162" hits="0"/>
						<line number="165" hits="0" branch="true" condition-coverage="0% (0/2)" missing-branches="166,173"/>
						<line number="166" hits="0"/>
						<line number="167" hits="0"/>
						<line number="173" hits="0"/>
						<line number="175" hits="0"/>
						<line number="202" hits="0" branch="true" condition-coverage="0% (0/2)" missing-branches="204,231"/>
						<line number="204" hits="0" branch="true" condition-coverage="0% (0/2)" missing-branches="205,210"/>
						<line number="205" hits="0"/>
						<line number="206" hits="0"/>
						<line number="210" hits="0"/>
						<line number="212" hits="0"/>
						<line number="231" hits="0"/>
						<line number="233" hits="0"/>
						<line number="234" hits="0"/>
						<line number="236" hits="0"/>
						<line number="238" hits="0"/>
						<line number="271" hits="0"/>
						<line number="273" hits="0"/>
					</lines>
				</class>
				<class name="moving_average_crossover.py" filename="strategies/moving_average_crossover.py" complexity="0" line-rate="0" branch-rate="0">
					<methods/>
					<lines>
						<line number="7" hits="0"/>
						<line number="9" hits="0"/>
						<line number="11" hits="0"/>
						<line number="13" hits="0"/>
						<line number="16" hits="0"/>
						<line number="30" hits="0"/>
						<line number="33" hits="0"/>
						<line number="34" hits="0"/>
						<line number="35" hits="0"/>
						<line number="36" hits="0"/>
						<line number="38" hits="0"/>
						<line number="50" hits="0"/>
						<line number="51" hits="0" branch="true" condition-coverage="0% (0/2)" missing-branches="52,54"/>
						<line number="52" hits="0"/>
						<line number="54" hits="0"/>
						<line number="55" hits="0"/>
						<line number="58" hits="0" branch="true" condition-coverage="0% (0/2)" missing-branches="59,62"/>
						<line number="59" hits="0"/>
						<line number="60" hits="0"/>
						<line number="62" hits="0"/>
						<line number="63" hits="0"/>
						<line number="66" hits="0"/>
						<line number="67" hits="0"/>
						<line number="68" hits="0"/>
						<line number="69" hits="0"/>
						<line number="72" hits="0"/>
						<line number="73" hits="0"/>
						<line number="76" hits="0"/>
						<line number="78" hits="0" branch="true" condition-coverage="0% (0/2)" missing-branches="80,99"/>
						<line number="80" hits="0"/>
						<line number="99" hits="0" branch="true" condition-coverage="0% (0/2)" missing-branches="101,122"/>
						<line number="101" hits="0"/>
						<line number="122" hits="0" branch="true" condition-coverage="0% (0/2)" missing-branches="124,144"/>
						<line number="124" hits="0"/>
						<line number="144" hits="0"/>
						<line number="146" hits="0"/>
						<line number="147" hits="0"/>
						<line number="149" hits="0"/>
						<line number="151" hits="0"/>
						<line number="184" hits="0"/>
						<line number="186" hits="0"/>
					</lines>
				</class>
				<class name="rsi_mean_reversion.py" filename="strategies/rsi_mean_reversion.py" complexity="0" line-rate="0" branch-rate="0">
					<methods/>
					<lines>
						<line number="7" hits="0"/>
						<line number="9" hits="0"/>
						<line number="11" hits="0"/>
						<line number="12" hits="0"/>
						<line number="13" hits="0"/>
						<line number="15" hits="0"/>
						<line number="18" hits="0"/>
						<line number="33" hits="0"/>
						<line number="36" hits="0"/>
						<line number="37" hits="0"/>
						<line number="38" hits="0"/>
						<line number="39" hits="0"/>
						<line number="40" hits="0"/>
						<line number="41" hits="0"/>
						<line number="44" hits="0"/>
						<line number="56" hits="0"/>
						<line number="58" hits="0"/>
						<line number="70" hits="0"/>
						<line number="71" hits="0" branch="true" condition-coverage="0% (0/2)" missing-branches="72,74"/>
						<line number="72" hits="0"/>
						<line number="74" hits="0"/>
						<line number="76" hits="0"/>
						<line number="77" hits="0"/>
						<line number="78" hits="0"/>
						<line number="79" hits="0"/>
						<line number="81" hits="0"/>
						<line number="83" hits="0"/>
						<line number="112" hits="0"/>
						<line number="114" hits="0"/>
					</lines>
				</class>
			</classes>
		</package>
	</packages>
</coverage>
